<?xml version="1.0" encoding="UTF-8"?>
<coverage generated="1709455514945" clover="3.2.0">
  <project timestamp="1709455514945" name="All files">
    <metrics statements="209" coveredstatements="184" conditionals="37" coveredconditionals="33" methods="58" coveredmethods="29" elements="304" coveredelements="246" complexity="0" loc="209" ncloc="209" packages="3" files="8" classes="8"/>
    <package name="src">
      <metrics statements="7" coveredstatements="6" conditionals="1" coveredconditionals="0" methods="1" coveredmethods="1"/>
      <file name="Listeners.ts" path="/Users/zephyrjones/Documents/programming/aninest/src/Listeners.ts">
        <metrics statements="4" coveredstatements="3" conditionals="1" coveredconditionals="0" methods="1" coveredmethods="1"/>
        <line num="12" count="4" type="stmt"/>
        <line num="13" count="8099" type="stmt"/>
        <line num="14" count="3" type="cond" truecount="0" falsecount="1"/>
        <line num="15" count="0" type="stmt"/>
      </file>
      <file name="index.ts" path="/Users/zephyrjones/Documents/programming/aninest/src/index.ts">
        <metrics statements="3" coveredstatements="3" conditionals="0" coveredconditionals="0" methods="0" coveredmethods="0"/>
        <line num="1" count="4" type="stmt"/>
        <line num="2" count="4" type="stmt"/>
        <line num="3" count="4" type="stmt"/>
      </file>
    </package>
    <package name="src.Animate">
      <metrics statements="150" coveredstatements="144" conditionals="34" coveredconditionals="31" methods="31" coveredmethods="25"/>
      <file name="Animatable.ts" path="/Users/zephyrjones/Documents/programming/aninest/src/Animate/Animatable.ts">
        <metrics statements="135" coveredstatements="135" conditionals="31" coveredconditionals="31" methods="22" coveredmethods="22"/>
        <line num="1" count="4" type="stmt"/>
        <line num="2" count="4" type="stmt"/>
        <line num="68" count="8161056" type="stmt"/>
        <line num="71" count="4" type="stmt"/>
        <line num="74" count="7924075" type="cond" truecount="2" falsecount="0"/>
        <line num="82" count="2879013" type="stmt"/>
        <line num="83" count="2879013" type="stmt"/>
        <line num="84" count="5758026" type="stmt"/>
        <line num="85" count="5758026" type="stmt"/>
        <line num="89" count="2879013" type="stmt"/>
        <line num="93" count="8069" type="stmt"/>
        <line num="102" count="3022" type="stmt"/>
        <line num="103" count="3022" type="stmt"/>
        <line num="104" count="3022" type="stmt"/>
        <line num="121" count="12124" type="stmt"/>
        <line num="122" count="12124" type="stmt"/>
        <line num="123" count="12124" type="stmt"/>
        <line num="124" count="12109" type="stmt"/>
        <line num="125" count="12109" type="cond" truecount="2" falsecount="0"/>
        <line num="126" count="8078" type="stmt"/>
        <line num="128" count="4031" type="stmt"/>
        <line num="135" count="12124" type="stmt"/>
        <line num="138" count="4" type="stmt"/>
        <line num="143" count="3022" type="stmt"/>
        <line num="144" count="3022" type="cond" truecount="2" falsecount="0"/>
        <line num="148" count="3022" type="stmt"/>
        <line num="151" count="3022" type="stmt"/>
        <line num="154" count="3022" type="stmt"/>
        <line num="158" count="3022" type="stmt"/>
        <line num="159" count="3022" type="stmt"/>
        <line num="160" count="2011" type="stmt"/>
        <line num="164" count="2011" type="stmt"/>
        <line num="172" count="3022" type="stmt"/>
        <line num="175" count="4" type="stmt"/>
        <line num="179" count="3036" type="stmt"/>
        <line num="183" count="3036" type="stmt"/>
        <line num="184" count="2015" type="stmt"/>
        <line num="185" count="2015" type="cond" truecount="1" falsecount="0"/>
        <line num="186" count="2014" type="stmt"/>
        <line num="188" count="3036" type="cond" truecount="1" falsecount="0"/>
        <line num="189" count="2025" type="stmt"/>
        <line num="190" count="2025" type="cond" truecount="1" falsecount="0"/>
        <line num="191" count="3" type="stmt"/>
        <line num="192" count="3" type="stmt"/>
        <line num="193" count="3" type="stmt"/>
        <line num="195" count="2025" type="stmt"/>
        <line num="196" count="2025" type="stmt"/>
        <line num="197" count="2025" type="stmt"/>
        <line num="198" count="2025" type="stmt"/>
        <line num="199" count="2025" type="stmt"/>
        <line num="202" count="4" type="stmt"/>
        <line num="207" count="1" type="stmt"/>
        <line num="209" count="4" type="stmt"/>
        <line num="214" count="1" type="stmt"/>
        <line num="217" count="4" type="stmt"/>
        <line num="220" count="2" type="stmt"/>
        <line num="227" count="1" type="stmt"/>
        <line num="229" count="2" type="stmt"/>
        <line num="232" count="4" type="stmt"/>
        <line num="235" count="2" type="stmt"/>
        <line num="242" count="1" type="stmt"/>
        <line num="244" count="2" type="stmt"/>
        <line num="252" count="2047" type="stmt"/>
        <line num="253" count="2047" type="cond" truecount="1" falsecount="0"/>
        <line num="254" count="2047" type="stmt"/>
        <line num="255" count="4054" type="stmt"/>
        <line num="258" count="2047" type="stmt"/>
        <line num="259" count="4047" type="stmt"/>
        <line num="261" count="2047" type="stmt"/>
        <line num="264" count="4" type="stmt"/>
        <line num="270" count="11" type="cond" truecount="2" falsecount="0"/>
        <line num="274" count="11" type="stmt"/>
        <line num="277" count="11" type="stmt"/>
        <line num="281" count="11" type="stmt"/>
        <line num="285" count="11" type="stmt"/>
        <line num="286" count="11" type="stmt"/>
        <line num="287" count="6" type="stmt"/>
        <line num="291" count="6" type="stmt"/>
        <line num="297" count="11" type="stmt"/>
        <line num="303" count="2031" type="stmt"/>
        <line num="304" count="2031" type="stmt"/>
        <line num="305" count="4058" type="stmt"/>
        <line num="306" count="4058" type="stmt"/>
        <line num="307" count="4058" type="stmt"/>
        <line num="308" count="4058" type="stmt"/>
        <line num="309" count="4058" type="cond" truecount="1" falsecount="0"/>
        <line num="310" count="5" type="stmt"/>
        <line num="314" count="5" type="stmt"/>
        <line num="323" count="2025" type="stmt"/>
        <line num="324" count="2025" type="stmt"/>
        <line num="325" count="2025" type="stmt"/>
        <line num="328" count="4" type="stmt"/>
        <line num="331" count="3126064" type="cond" truecount="1" falsecount="0"/>
        <line num="332" count="247051" type="stmt"/>
        <line num="334" count="2879013" type="stmt"/>
        <line num="335" count="2879013" type="stmt"/>
        <line num="342" count="4" type="stmt"/>
        <line num="345" count="3126049" type="stmt"/>
        <line num="346" count="3126049" type="stmt"/>
        <line num="347" count="484029" type="stmt"/>
        <line num="351" count="3126049" type="stmt"/>
        <line num="357" count="4" type="stmt"/>
        <line num="360" count="7922055" type="stmt"/>
        <line num="364" count="7922055" type="stmt"/>
        <line num="366" count="7922055" type="stmt"/>
        <line num="373" count="5280012" type="cond" truecount="1" falsecount="0"/>
        <line num="374" count="5278004" type="stmt"/>
        <line num="377" count="7922055" type="cond" truecount="3" falsecount="0"/>
        <line num="378" count="2020" type="stmt"/>
        <line num="379" count="2020" type="stmt"/>
        <line num="380" count="2020" type="stmt"/>
        <line num="381" count="2020" type="stmt"/>
        <line num="382" count="2020" type="stmt"/>
        <line num="383" count="2020" type="cond" truecount="1" falsecount="0"/>
        <line num="384" count="2019" type="stmt"/>
        <line num="387" count="7922055" type="stmt"/>
        <line num="395" count="4" type="stmt"/>
        <line num="402" count="2" type="stmt"/>
        <line num="403" count="2" type="stmt"/>
        <line num="404" count="2" type="stmt"/>
        <line num="405" count="2" type="stmt"/>
        <line num="406" count="2" type="stmt"/>
        <line num="408" count="2" type="stmt"/>
        <line num="409" count="2" type="stmt"/>
        <line num="411" count="2" type="stmt"/>
        <line num="412" count="1" type="stmt"/>
        <line num="420" count="4" type="stmt"/>
        <line num="423" count="4" type="cond" truecount="1" falsecount="0"/>
        <line num="424" count="2" type="stmt"/>
        <line num="426" count="2" type="stmt"/>
        <line num="429" count="4" type="stmt"/>
        <line num="432" count="4" type="stmt"/>
        <line num="433" count="4" type="stmt"/>
        <line num="440" count="2" type="stmt"/>
        <line num="444" count="4" type="stmt"/>
      </file>
      <file name="Interp.ts" path="/Users/zephyrjones/Documents/programming/aninest/src/Animate/Interp.ts">
        <metrics statements="13" coveredstatements="7" conditionals="3" coveredconditionals="0" methods="9" coveredmethods="3"/>
        <line num="1" count="4" type="stmt"/>
        <line num="5" count="11" type="stmt"/>
        <line num="8" count="0" type="stmt"/>
        <line num="11" count="4" type="stmt"/>
        <line num="12" count="1008" type="cond" truecount="0" falsecount="1"/>
        <line num="13" count="8161045" type="stmt"/>
        <line num="16" count="4" type="stmt"/>
        <line num="17" count="0" type="cond" truecount="0" falsecount="1"/>
        <line num="18" count="0" type="stmt"/>
        <line num="36" count="0" type="stmt"/>
        <line num="39" count="4" type="stmt"/>
        <line num="40" count="0" type="cond" truecount="0" falsecount="1"/>
        <line num="41" count="0" type="stmt"/>
      </file>
      <file name="index.ts" path="/Users/zephyrjones/Documents/programming/aninest/src/Animate/index.ts">
        <metrics statements="2" coveredstatements="2" conditionals="0" coveredconditionals="0" methods="0" coveredmethods="0"/>
        <line num="1" count="4" type="stmt"/>
        <line num="2" count="4" type="stmt"/>
      </file>
    </package>
    <package name="src.Utils">
      <metrics statements="52" coveredstatements="34" conditionals="2" coveredconditionals="2" methods="26" coveredmethods="3"/>
      <file name="index.ts" path="/Users/zephyrjones/Documents/programming/aninest/src/Utils/index.ts">
        <metrics statements="2" coveredstatements="2" conditionals="0" coveredconditionals="0" methods="0" coveredmethods="0"/>
        <line num="1" count="4" type="stmt"/>
        <line num="2" count="4" type="stmt"/>
      </file>
      <file name="sleep.ts" path="/Users/zephyrjones/Documents/programming/aninest/src/Utils/sleep.ts">
        <metrics statements="2" coveredstatements="1" conditionals="0" coveredconditionals="0" methods="2" coveredmethods="0"/>
        <line num="1" count="4" type="stmt"/>
        <line num="2" count="0" type="stmt"/>
      </file>
      <file name="vec2.ts" path="/Users/zephyrjones/Documents/programming/aninest/src/Utils/vec2.ts">
        <metrics statements="48" coveredstatements="31" conditionals="2" coveredconditionals="2" methods="24" coveredmethods="3"/>
        <line num="1" count="5758025" type="stmt"/>
        <line num="2" count="4" type="stmt"/>
        <line num="4" count="0" type="stmt"/>
        <line num="5" count="0" type="stmt"/>
        <line num="6" count="0" type="stmt"/>
        <line num="7" count="0" type="stmt"/>
        <line num="8" count="0" type="stmt"/>
        <line num="9" count="0" type="stmt"/>
        <line num="14" count="4" type="stmt"/>
        <line num="16" count="4" type="stmt"/>
        <line num="17" count="8165114" type="stmt"/>
        <line num="18" count="8165114" type="cond" truecount="1" falsecount="0"/>
        <line num="19" count="8161064" type="stmt"/>
        <line num="21" count="8165114" type="cond" truecount="1" falsecount="0"/>
        <line num="22" count="8161070" type="stmt"/>
        <line num="24" count="8165114" type="stmt"/>
        <line num="27" count="4027" type="stmt"/>
        <line num="29" count="4" type="stmt"/>
        <line num="31" count="4" type="stmt"/>
        <line num="33" count="4" type="stmt"/>
        <line num="35" count="4" type="stmt"/>
        <line num="37" count="4" type="stmt"/>
        <line num="39" count="4" type="stmt"/>
        <line num="41" count="4" type="stmt"/>
        <line num="43" count="4" type="stmt"/>
        <line num="45" count="4" type="stmt"/>
        <line num="47" count="4" type="stmt"/>
        <line num="49" count="4" type="stmt"/>
        <line num="51" count="4" type="stmt"/>
        <line num="53" count="4" type="stmt"/>
        <line num="54" count="0" type="stmt"/>
        <line num="55" count="0" type="stmt"/>
        <line num="56" count="0" type="stmt"/>
        <line num="59" count="4" type="stmt"/>
        <line num="60" count="0" type="stmt"/>
        <line num="61" count="0" type="stmt"/>
        <line num="62" count="0" type="stmt"/>
        <line num="63" count="0" type="stmt"/>
        <line num="64" count="0" type="stmt"/>
        <line num="67" count="4" type="stmt"/>
        <line num="69" count="4" type="stmt"/>
        <line num="71" count="4" type="stmt"/>
        <line num="72" count="0" type="stmt"/>
        <line num="74" count="4" type="stmt"/>
        <line num="76" count="4" type="stmt"/>
        <line num="77" count="0" type="stmt"/>
        <line num="79" count="4" type="stmt"/>
        <line num="81" count="0" type="stmt"/>
      </file>
    </package>
  </project>
</coverage>
