{"/Users/zephyrjones/Documents/programming/aninest/src/Listeners.ts": {"path":"/Users/zephyrjones/Documents/programming/aninest/src/Listeners.ts","statementMap":{"0":{"start":{"line":37,"column":2},"end":{"line":44,"column":3}},"1":{"start":{"line":38,"column":4},"end":{"line":43,"column":5}},"2":{"start":{"line":39,"column":6},"end":{"line":39,"column":null}},"3":{"start":{"line":40,"column":6},"end":{"line":42,"column":7}},"4":{"start":{"line":41,"column":8},"end":{"line":41,"column":null}},"5":{"start":{"line":32,"column":0},"end":{"line":32,"column":16}}},"fnMap":{"0":{"name":"broadcast","decl":{"start":{"line":32,"column":16},"end":{"line":32,"column":25}},"loc":{"start":{"line":35,"column":44},"end":{"line":45,"column":1}}}},"branchMap":{"0":{"loc":{"start":{"line":38,"column":4},"end":{"line":43,"column":5}},"type":"if","locations":[{"start":{"line":38,"column":4},"end":{"line":43,"column":5}}]},"1":{"loc":{"start":{"line":40,"column":6},"end":{"line":42,"column":7}},"type":"if","locations":[{"start":{"line":40,"column":6},"end":{"line":42,"column":7}}]}},"s":{"0":15852538,"1":7926298,"2":1,"3":1,"4":1,"5":4},"f":{"0":15852538},"b":{"0":[1],"1":[1]}}
,"/Users/zephyrjones/Documents/programming/aninest/src/index.ts": {"path":"/Users/zephyrjones/Documents/programming/aninest/src/index.ts","statementMap":{"0":{"start":{"line":1,"column":0},"end":{"line":1,"column":25}},"1":{"start":{"line":3,"column":0},"end":{"line":3,"column":23}}},"fnMap":{},"branchMap":{},"s":{"0":4,"1":4},"f":{},"b":{}}
,"/Users/zephyrjones/Documents/programming/aninest/src/Animate/Animatable.ts": {"path":"/Users/zephyrjones/Documents/programming/aninest/src/Animate/Animatable.ts","statementMap":{"0":{"start":{"line":6,"column":0},"end":{"line":6,"column":47}},"1":{"start":{"line":7,"column":0},"end":{"line":7,"column":null}},"2":{"start":{"line":13,"column":0},"end":{"line":13,"column":49}},"3":{"start":{"line":184,"column":2},"end":{"line":184,"column":null}},"4":{"start":{"line":195,"column":2},"end":{"line":195,"column":null}},"5":{"start":{"line":192,"column":0},"end":{"line":192,"column":16}},"6":{"start":{"line":205,"column":2},"end":{"line":205,"column":null}},"7":{"start":{"line":205,"column":34},"end":{"line":205,"column":null}},"8":{"start":{"line":206,"column":2},"end":{"line":208,"column":3}},"9":{"start":{"line":207,"column":4},"end":{"line":207,"column":null}},"10":{"start":{"line":207,"column":41},"end":{"line":207,"column":null}},"11":{"start":{"line":209,"column":2},"end":{"line":209,"column":null}},"12":{"start":{"line":202,"column":0},"end":{"line":202,"column":16}},"13":{"start":{"line":218,"column":14},"end":{"line":218,"column":32}},"14":{"start":{"line":219,"column":2},"end":{"line":223,"column":3}},"15":{"start":{"line":220,"column":20},"end":{"line":220,"column":27}},"16":{"start":{"line":221,"column":4},"end":{"line":222,"column":null}},"17":{"start":{"line":224,"column":2},"end":{"line":224,"column":null}},"18":{"start":{"line":228,"column":14},"end":{"line":228,"column":23}},"19":{"start":{"line":229,"column":2},"end":{"line":231,"column":3}},"20":{"start":{"line":230,"column":4},"end":{"line":230,"column":null}},"21":{"start":{"line":232,"column":2},"end":{"line":232,"column":null}},"22":{"start":{"line":236,"column":14},"end":{"line":236,"column":21}},"23":{"start":{"line":237,"column":2},"end":{"line":244,"column":3}},"24":{"start":{"line":238,"column":18},"end":{"line":238,"column":26}},"25":{"start":{"line":239,"column":4},"end":{"line":243,"column":5}},"26":{"start":{"line":240,"column":6},"end":{"line":240,"column":null}},"27":{"start":{"line":242,"column":6},"end":{"line":242,"column":null}},"28":{"start":{"line":245,"column":2},"end":{"line":245,"column":null}},"29":{"start":{"line":253,"column":18},"end":{"line":253,"column":45}},"30":{"start":{"line":254,"column":20},"end":{"line":254,"column":49}},"31":{"start":{"line":255,"column":2},"end":{"line":272,"column":null}},"32":{"start":{"line":278,"column":15},"end":{"line":278,"column":39}},"33":{"start":{"line":279,"column":19},"end":{"line":279,"column":57}},"34":{"start":{"line":280,"column":2},"end":{"line":291,"column":3}},"35":{"start":{"line":281,"column":18},"end":{"line":281,"column":26}},"36":{"start":{"line":282,"column":4},"end":{"line":290,"column":5}},"37":{"start":{"line":283,"column":6},"end":{"line":283,"column":null}},"38":{"start":{"line":285,"column":6},"end":{"line":289,"column":null}},"39":{"start":{"line":292,"column":2},"end":{"line":292,"column":null}},"40":{"start":{"line":315,"column":59},"end":{"line":315,"column":63}},"41":{"start":{"line":316,"column":62},"end":{"line":316,"column":66}},"42":{"start":{"line":317,"column":16},"end":{"line":329,"column":3}},"43":{"start":{"line":318,"column":4},"end":{"line":318,"column":49}},"44":{"start":{"line":318,"column":43},"end":{"line":318,"column":49}},"45":{"start":{"line":319,"column":4},"end":{"line":319,"column":46}},"46":{"start":{"line":319,"column":40},"end":{"line":319,"column":46}},"47":{"start":{"line":320,"column":4},"end":{"line":320,"column":52}},"48":{"start":{"line":321,"column":4},"end":{"line":321,"column":null}},"49":{"start":{"line":322,"column":31},"end":{"line":322,"column":51}},"50":{"start":{"line":323,"column":4},"end":{"line":323,"column":null}},"51":{"start":{"line":324,"column":4},"end":{"line":324,"column":25}},"52":{"start":{"line":325,"column":4},"end":{"line":325,"column":null}},"53":{"start":{"line":326,"column":4},"end":{"line":326,"column":null}},"54":{"start":{"line":327,"column":4},"end":{"line":327,"column":null}},"55":{"start":{"line":328,"column":4},"end":{"line":328,"column":null}},"56":{"start":{"line":330,"column":18},"end":{"line":334,"column":3}},"57":{"start":{"line":331,"column":4},"end":{"line":331,"column":null}},"58":{"start":{"line":332,"column":4},"end":{"line":332,"column":null}},"59":{"start":{"line":333,"column":4},"end":{"line":333,"column":null}},"60":{"start":{"line":335,"column":2},"end":{"line":335,"column":null}},"61":{"start":{"line":336,"column":2},"end":{"line":339,"column":null}},"62":{"start":{"line":337,"column":4},"end":{"line":337,"column":null}},"63":{"start":{"line":338,"column":4},"end":{"line":338,"column":null}},"64":{"start":{"line":311,"column":0},"end":{"line":311,"column":16}},"65":{"start":{"line":360,"column":27},"end":{"line":360,"column":49}},"66":{"start":{"line":361,"column":53},"end":{"line":364,"column":null}},"67":{"start":{"line":365,"column":49},"end":{"line":366,"column":null}},"68":{"start":{"line":368,"column":49},"end":{"line":369,"column":null}},"69":{"start":{"line":371,"column":15},"end":{"line":374,"column":31}},"70":{"start":{"line":376,"column":2},"end":{"line":376,"column":null}},"71":{"start":{"line":377,"column":2},"end":{"line":389,"column":3}},"72":{"start":{"line":378,"column":24},"end":{"line":381,"column":null}},"73":{"start":{"line":382,"column":4},"end":{"line":388,"column":null}},"74":{"start":{"line":391,"column":2},"end":{"line":395,"column":null}},"75":{"start":{"line":392,"column":4},"end":{"line":394,"column":null}},"76":{"start":{"line":393,"column":6},"end":{"line":393,"column":null}},"77":{"start":{"line":396,"column":2},"end":{"line":400,"column":null}},"78":{"start":{"line":397,"column":4},"end":{"line":399,"column":null}},"79":{"start":{"line":398,"column":6},"end":{"line":398,"column":null}},"80":{"start":{"line":401,"column":2},"end":{"line":405,"column":null}},"81":{"start":{"line":402,"column":4},"end":{"line":404,"column":null}},"82":{"start":{"line":403,"column":6},"end":{"line":403,"column":null}},"83":{"start":{"line":406,"column":2},"end":{"line":410,"column":null}},"84":{"start":{"line":407,"column":4},"end":{"line":409,"column":null}},"85":{"start":{"line":408,"column":6},"end":{"line":408,"column":null}},"86":{"start":{"line":411,"column":2},"end":{"line":415,"column":null}},"87":{"start":{"line":412,"column":4},"end":{"line":414,"column":null}},"88":{"start":{"line":413,"column":6},"end":{"line":413,"column":null}},"89":{"start":{"line":416,"column":2},"end":{"line":416,"column":null}},"90":{"start":{"line":355,"column":0},"end":{"line":355,"column":16}},"91":{"start":{"line":435,"column":30},"end":{"line":436,"column":null}},"92":{"start":{"line":439,"column":2},"end":{"line":443,"column":3}},"93":{"start":{"line":440,"column":22},"end":{"line":440,"column":59}},"94":{"start":{"line":441,"column":4},"end":{"line":441,"column":28}},"95":{"start":{"line":441,"column":20},"end":{"line":441,"column":28}},"96":{"start":{"line":442,"column":4},"end":{"line":442,"column":null}},"97":{"start":{"line":444,"column":2},"end":{"line":444,"column":47}},"98":{"start":{"line":444,"column":41},"end":{"line":444,"column":47}},"99":{"start":{"line":445,"column":19},"end":{"line":445,"column":65}},"100":{"start":{"line":446,"column":2},"end":{"line":450,"column":3}},"101":{"start":{"line":447,"column":4},"end":{"line":447,"column":null}},"102":{"start":{"line":448,"column":4},"end":{"line":448,"column":null}},"103":{"start":{"line":449,"column":4},"end":{"line":449,"column":null}},"104":{"start":{"line":451,"column":2},"end":{"line":451,"column":null}},"105":{"start":{"line":452,"column":2},"end":{"line":452,"column":null}},"106":{"start":{"line":453,"column":2},"end":{"line":453,"column":null}},"107":{"start":{"line":455,"column":2},"end":{"line":455,"column":null}},"108":{"start":{"line":431,"column":0},"end":{"line":431,"column":16}},"109":{"start":{"line":486,"column":2},"end":{"line":486,"column":null}},"110":{"start":{"line":476,"column":0},"end":{"line":476,"column":16}},"111":{"start":{"line":517,"column":2},"end":{"line":517,"column":null}},"112":{"start":{"line":507,"column":0},"end":{"line":507,"column":16}},"113":{"start":{"line":537,"column":27},"end":{"line":538,"column":17}},"114":{"start":{"line":539,"column":2},"end":{"line":541,"column":null}},"115":{"start":{"line":542,"column":2},"end":{"line":548,"column":3}},"116":{"start":{"line":547,"column":4},"end":{"line":547,"column":null}},"117":{"start":{"line":530,"column":0},"end":{"line":530,"column":16}},"118":{"start":{"line":574,"column":27},"end":{"line":575,"column":17}},"119":{"start":{"line":576,"column":2},"end":{"line":578,"column":null}},"120":{"start":{"line":579,"column":2},"end":{"line":585,"column":3}},"121":{"start":{"line":584,"column":4},"end":{"line":584,"column":null}},"122":{"start":{"line":567,"column":0},"end":{"line":567,"column":16}},"123":{"start":{"line":594,"column":14},"end":{"line":594,"column":30}},"124":{"start":{"line":595,"column":2},"end":{"line":599,"column":3}},"125":{"start":{"line":596,"column":4},"end":{"line":598,"column":5}},"126":{"start":{"line":597,"column":6},"end":{"line":597,"column":null}},"127":{"start":{"line":600,"column":2},"end":{"line":602,"column":3}},"128":{"start":{"line":601,"column":4},"end":{"line":601,"column":null}},"129":{"start":{"line":603,"column":2},"end":{"line":603,"column":null}},"130":{"start":{"line":628,"column":53},"end":{"line":631,"column":null}},"131":{"start":{"line":632,"column":49},"end":{"line":633,"column":null}},"132":{"start":{"line":635,"column":49},"end":{"line":636,"column":null}},"133":{"start":{"line":639,"column":41},"end":{"line":642,"column":null}},"134":{"start":{"line":643,"column":2},"end":{"line":643,"column":null}},"135":{"start":{"line":644,"column":2},"end":{"line":653,"column":3}},"136":{"start":{"line":645,"column":24},"end":{"line":648,"column":null}},"137":{"start":{"line":649,"column":4},"end":{"line":652,"column":null}},"138":{"start":{"line":655,"column":2},"end":{"line":655,"column":null}},"139":{"start":{"line":624,"column":0},"end":{"line":624,"column":16}},"140":{"start":{"line":661,"column":27},"end":{"line":661,"column":39}},"141":{"start":{"line":662,"column":22},"end":{"line":662,"column":47}},"142":{"start":{"line":663,"column":2},"end":{"line":675,"column":3}},"143":{"start":{"line":664,"column":20},"end":{"line":664,"column":36}},"144":{"start":{"line":665,"column":23},"end":{"line":665,"column":33}},"145":{"start":{"line":666,"column":23},"end":{"line":666,"column":33}},"146":{"start":{"line":667,"column":19},"end":{"line":667,"column":66}},"147":{"start":{"line":668,"column":4},"end":{"line":674,"column":5}},"148":{"start":{"line":669,"column":6},"end":{"line":671,"column":null}},"149":{"start":{"line":673,"column":6},"end":{"line":673,"column":null}},"150":{"start":{"line":682,"column":2},"end":{"line":682,"column":null}},"151":{"start":{"line":683,"column":2},"end":{"line":683,"column":null}},"152":{"start":{"line":684,"column":2},"end":{"line":684,"column":null}},"153":{"start":{"line":690,"column":2},"end":{"line":693,"column":3}},"154":{"start":{"line":691,"column":4},"end":{"line":691,"column":null}},"155":{"start":{"line":692,"column":4},"end":{"line":692,"column":10}},"156":{"start":{"line":694,"column":27},"end":{"line":696,"column":3}},"157":{"start":{"line":695,"column":4},"end":{"line":695,"column":null}},"158":{"start":{"line":697,"column":2},"end":{"line":697,"column":32}},"159":{"start":{"line":698,"column":2},"end":{"line":698,"column":null}},"160":{"start":{"line":700,"column":2},"end":{"line":700,"column":null}},"161":{"start":{"line":702,"column":2},"end":{"line":705,"column":null}},"162":{"start":{"line":703,"column":4},"end":{"line":703,"column":null}},"163":{"start":{"line":704,"column":4},"end":{"line":704,"column":null}},"164":{"start":{"line":687,"column":0},"end":{"line":687,"column":16}},"165":{"start":{"line":728,"column":2},"end":{"line":734,"column":3}},"166":{"start":{"line":729,"column":16},"end":{"line":729,"column":34}},"167":{"start":{"line":730,"column":4},"end":{"line":732,"column":5}},"168":{"start":{"line":731,"column":6},"end":{"line":731,"column":null}},"169":{"start":{"line":733,"column":4},"end":{"line":733,"column":null}},"170":{"start":{"line":735,"column":19},"end":{"line":735,"column":36}},"171":{"start":{"line":736,"column":2},"end":{"line":741,"column":null}},"172":{"start":{"line":742,"column":2},"end":{"line":742,"column":null}},"173":{"start":{"line":724,"column":0},"end":{"line":724,"column":16}},"174":{"start":{"line":760,"column":14},"end":{"line":760,"column":31}},"175":{"start":{"line":763,"column":2},"end":{"line":765,"column":3}},"176":{"start":{"line":764,"column":4},"end":{"line":764,"column":null}},"177":{"start":{"line":766,"column":2},"end":{"line":766,"column":null}},"178":{"start":{"line":767,"column":2},"end":{"line":775,"column":3}},"179":{"start":{"line":768,"column":4},"end":{"line":770,"column":5}},"180":{"start":{"line":769,"column":6},"end":{"line":769,"column":null}},"181":{"start":{"line":771,"column":4},"end":{"line":774,"column":null}},"182":{"start":{"line":776,"column":2},"end":{"line":776,"column":null}},"183":{"start":{"line":756,"column":0},"end":{"line":756,"column":16}},"184":{"start":{"line":790,"column":2},"end":{"line":790,"column":null}},"185":{"start":{"line":790,"column":14},"end":{"line":790,"column":null}},"186":{"start":{"line":791,"column":2},"end":{"line":791,"column":null}},"187":{"start":{"line":792,"column":12},"end":{"line":792,"column":38}},"188":{"start":{"line":793,"column":2},"end":{"line":793,"column":null}},"189":{"start":{"line":795,"column":2},"end":{"line":805,"column":3}},"190":{"start":{"line":802,"column":4},"end":{"line":804,"column":5}},"191":{"start":{"line":803,"column":6},"end":{"line":803,"column":null}},"192":{"start":{"line":806,"column":2},"end":{"line":817,"column":3}},"193":{"start":{"line":807,"column":21},"end":{"line":807,"column":53}},"194":{"start":{"line":808,"column":4},"end":{"line":808,"column":null}},"195":{"start":{"line":809,"column":4},"end":{"line":809,"column":null}},"196":{"start":{"line":813,"column":4},"end":{"line":813,"column":null}},"197":{"start":{"line":814,"column":4},"end":{"line":816,"column":5}},"198":{"start":{"line":815,"column":6},"end":{"line":815,"column":null}},"199":{"start":{"line":818,"column":2},"end":{"line":820,"column":3}},"200":{"start":{"line":819,"column":4},"end":{"line":819,"column":null}},"201":{"start":{"line":821,"column":2},"end":{"line":821,"column":null}},"202":{"start":{"line":786,"column":0},"end":{"line":786,"column":16}},"203":{"start":{"line":867,"column":2},"end":{"line":867,"column":null}},"204":{"start":{"line":868,"column":2},"end":{"line":868,"column":null}},"205":{"start":{"line":869,"column":13},"end":{"line":869,"column":38}},"206":{"start":{"line":870,"column":2},"end":{"line":870,"column":null}},"207":{"start":{"line":871,"column":2},"end":{"line":871,"column":null}},"208":{"start":{"line":872,"column":2},"end":{"line":872,"column":null}},"209":{"start":{"line":874,"column":27},"end":{"line":875,"column":null}},"210":{"start":{"line":875,"column":18},"end":{"line":875,"column":58}},"211":{"start":{"line":877,"column":2},"end":{"line":885,"column":3}},"212":{"start":{"line":878,"column":4},"end":{"line":884,"column":null}},"213":{"start":{"line":860,"column":0},"end":{"line":860,"column":16}},"214":{"start":{"line":904,"column":2},"end":{"line":906,"column":3}},"215":{"start":{"line":905,"column":4},"end":{"line":905,"column":null}},"216":{"start":{"line":907,"column":2},"end":{"line":907,"column":null}},"217":{"start":{"line":901,"column":0},"end":{"line":901,"column":16}},"218":{"start":{"line":924,"column":14},"end":{"line":924,"column":58}},"219":{"start":{"line":925,"column":2},"end":{"line":935,"column":3}},"220":{"start":{"line":932,"column":4},"end":{"line":934,"column":null}},"221":{"start":{"line":936,"column":2},"end":{"line":936,"column":null}},"222":{"start":{"line":921,"column":0},"end":{"line":921,"column":16}}},"fnMap":{"0":{"name":"getProgress","decl":{"start":{"line":183,"column":9},"end":{"line":183,"column":20}},"loc":{"start":{"line":183,"column":77},"end":{"line":185,"column":1}}},"1":{"name":"animationNeedsUpdate","decl":{"start":{"line":192,"column":16},"end":{"line":192,"column":36}},"loc":{"start":{"line":193,"column":28},"end":{"line":196,"column":1}}},"2":{"name":"animationTreeNeedsUpdate","decl":{"start":{"line":202,"column":16},"end":{"line":202,"column":40}},"loc":{"start":{"line":203,"column":28},"end":{"line":210,"column":1}}},"3":{"name":"lerpAnimatable","decl":{"start":{"line":212,"column":9},"end":{"line":212,"column":23}},"loc":{"start":{"line":216,"column":35},"end":{"line":225,"column":1}}},"4":{"name":"copyObject","decl":{"start":{"line":227,"column":9},"end":{"line":227,"column":19}},"loc":{"start":{"line":227,"column":48},"end":{"line":233,"column":1}}},"5":{"name":"recursivelyCopyObject","decl":{"start":{"line":235,"column":9},"end":{"line":235,"column":30}},"loc":{"start":{"line":235,"column":40},"end":{"line":246,"column":1}}},"6":{"name":"createLocalAnimation","decl":{"start":{"line":248,"column":9},"end":{"line":248,"column":29}},"loc":{"start":{"line":251,"column":51},"end":{"line":273,"column":1}}},"7":{"name":"separateChildren","decl":{"start":{"line":275,"column":9},"end":{"line":275,"column":25}},"loc":{"start":{"line":276,"column":8},"end":{"line":293,"column":1}}},"8":{"name":"loopAnimation","decl":{"start":{"line":311,"column":16},"end":{"line":311,"column":29}},"loc":{"start":{"line":312,"column":28},"end":{"line":340,"column":1}}},"9":{"name":"(anonymous_9)","decl":{"start":{"line":317,"column":16},"end":{"line":317,"column":19}},"loc":{"start":{"line":317,"column":21},"end":{"line":329,"column":3}}},"10":{"name":"(anonymous_10)","decl":{"start":{"line":330,"column":18},"end":{"line":330,"column":21}},"loc":{"start":{"line":330,"column":23},"end":{"line":334,"column":3}}},"11":{"name":"(anonymous_11)","decl":{"start":{"line":336,"column":9},"end":{"line":336,"column":12}},"loc":{"start":{"line":336,"column":14},"end":{"line":339,"column":3}}},"12":{"name":"createAnimation","decl":{"start":{"line":355,"column":16},"end":{"line":355,"column":31}},"loc":{"start":{"line":358,"column":23},"end":{"line":417,"column":1}}},"13":{"name":"(anonymous_13)","decl":{"start":{"line":391,"column":34},"end":{"line":391,"column":37}},"loc":{"start":{"line":391,"column":39},"end":{"line":395,"column":3}}},"14":{"name":"(anonymous_14)","decl":{"start":{"line":392,"column":50},"end":{"line":392,"column":58}},"loc":{"start":{"line":392,"column":61},"end":{"line":394,"column":5}}},"15":{"name":"(anonymous_15)","decl":{"start":{"line":396,"column":32},"end":{"line":396,"column":35}},"loc":{"start":{"line":396,"column":37},"end":{"line":400,"column":3}}},"16":{"name":"(anonymous_16)","decl":{"start":{"line":397,"column":48},"end":{"line":397,"column":56}},"loc":{"start":{"line":397,"column":59},"end":{"line":399,"column":5}}},"17":{"name":"(anonymous_17)","decl":{"start":{"line":401,"column":35},"end":{"line":401,"column":38}},"loc":{"start":{"line":401,"column":40},"end":{"line":405,"column":3}}},"18":{"name":"(anonymous_18)","decl":{"start":{"line":402,"column":51},"end":{"line":402,"column":59}},"loc":{"start":{"line":402,"column":62},"end":{"line":404,"column":5}}},"19":{"name":"(anonymous_19)","decl":{"start":{"line":406,"column":38},"end":{"line":406,"column":41}},"loc":{"start":{"line":406,"column":43},"end":{"line":410,"column":3}}},"20":{"name":"(anonymous_20)","decl":{"start":{"line":407,"column":54},"end":{"line":407,"column":62}},"loc":{"start":{"line":407,"column":65},"end":{"line":409,"column":5}}},"21":{"name":"(anonymous_21)","decl":{"start":{"line":411,"column":35},"end":{"line":411,"column":38}},"loc":{"start":{"line":411,"column":40},"end":{"line":415,"column":3}}},"22":{"name":"(anonymous_22)","decl":{"start":{"line":412,"column":51},"end":{"line":412,"column":59}},"loc":{"start":{"line":412,"column":62},"end":{"line":414,"column":5}}},"23":{"name":"modifyTo","decl":{"start":{"line":431,"column":16},"end":{"line":431,"column":24}},"loc":{"start":{"line":433,"column":43},"end":{"line":456,"column":1}}},"24":{"name":"addLocalListener","decl":{"start":{"line":476,"column":16},"end":{"line":476,"column":32}},"loc":{"start":{"line":484,"column":25},"end":{"line":487,"column":1}}},"25":{"name":"removeListener","decl":{"start":{"line":507,"column":16},"end":{"line":507,"column":30}},"loc":{"start":{"line":515,"column":34},"end":{"line":518,"column":1}}},"26":{"name":"addRecursiveListener","decl":{"start":{"line":530,"column":16},"end":{"line":530,"column":36}},"loc":{"start":{"line":535,"column":61},"end":{"line":549,"column":1}}},"27":{"name":"removeRecursiveListener","decl":{"start":{"line":567,"column":16},"end":{"line":567,"column":39}},"loc":{"start":{"line":572,"column":64},"end":{"line":586,"column":1}}},"28":{"name":"mergeDicts","decl":{"start":{"line":588,"column":9},"end":{"line":588,"column":19}},"loc":{"start":{"line":591,"column":19},"end":{"line":604,"column":1}}},"29":{"name":"boundAnimation","decl":{"start":{"line":624,"column":16},"end":{"line":624,"column":30}},"loc":{"start":{"line":626,"column":74},"end":{"line":656,"column":1}}},"30":{"name":"boundLocalAnimation","decl":{"start":{"line":658,"column":9},"end":{"line":658,"column":28}},"loc":{"start":{"line":659,"column":28},"end":{"line":676,"column":1}}},"31":{"name":"saveState","decl":{"start":{"line":678,"column":9},"end":{"line":678,"column":18}},"loc":{"start":{"line":680,"column":35},"end":{"line":685,"column":1}}},"32":{"name":"initializeAnimationCache","decl":{"start":{"line":687,"column":16},"end":{"line":687,"column":40}},"loc":{"start":{"line":689,"column":28},"end":{"line":706,"column":1}}},"33":{"name":"(anonymous_33)","decl":{"start":{"line":694,"column":27},"end":{"line":694,"column":30}},"loc":{"start":{"line":694,"column":32},"end":{"line":696,"column":3}}},"34":{"name":"(anonymous_34)","decl":{"start":{"line":702,"column":9},"end":{"line":702,"column":12}},"loc":{"start":{"line":702,"column":14},"end":{"line":705,"column":3}}},"35":{"name":"getLocalState","decl":{"start":{"line":724,"column":16},"end":{"line":724,"column":29}},"loc":{"start":{"line":726,"column":69},"end":{"line":743,"column":1}}},"36":{"name":"getStateTree","decl":{"start":{"line":756,"column":16},"end":{"line":756,"column":28}},"loc":{"start":{"line":758,"column":29},"end":{"line":777,"column":1}}},"37":{"name":"updateAnimation","decl":{"start":{"line":786,"column":16},"end":{"line":786,"column":31}},"loc":{"start":{"line":788,"column":12},"end":{"line":822,"column":1}}},"38":{"name":"(anonymous_39)","decl":{"start":{"line":875,"column":4},"end":{"line":875,"column":5}},"loc":{"start":{"line":875,"column":18},"end":{"line":875,"column":58}}},"39":{"name":"getLocalInterpingTo","decl":{"start":{"line":901,"column":16},"end":{"line":901,"column":35}},"loc":{"start":{"line":903,"column":47},"end":{"line":908,"column":1}}},"40":{"name":"getInterpingToTree","decl":{"start":{"line":921,"column":16},"end":{"line":921,"column":34}},"loc":{"start":{"line":923,"column":47},"end":{"line":937,"column":1}}}},"branchMap":{"0":{"loc":{"start":{"line":195,"column":9},"end":{"line":195,"column":67}},"type":"binary-expr","locations":[{"start":{"line":195,"column":9},"end":{"line":195,"column":25}},{"start":{"line":195,"column":29},"end":{"line":195,"column":67}}]},"1":{"loc":{"start":{"line":205,"column":2},"end":{"line":205,"column":null}},"type":"if","locations":[{"start":{"line":205,"column":2},"end":{"line":205,"column":null}}]},"2":{"loc":{"start":{"line":207,"column":4},"end":{"line":207,"column":null}},"type":"if","locations":[{"start":{"line":207,"column":4},"end":{"line":207,"column":null}}]},"3":{"loc":{"start":{"line":216,"column":2},"end":{"line":216,"column":35}},"type":"default-arg","locations":[{"start":{"line":216,"column":20},"end":{"line":216,"column":35}}]},"4":{"loc":{"start":{"line":222,"column":6},"end":{"line":222,"column":80}},"type":"cond-expr","locations":[{"start":{"line":222,"column":30},"end":{"line":222,"column":68}},{"start":{"line":222,"column":71},"end":{"line":222,"column":80}}]},"5":{"loc":{"start":{"line":227,"column":31},"end":{"line":227,"column":48}},"type":"default-arg","locations":[{"start":{"line":227,"column":46},"end":{"line":227,"column":48}}]},"6":{"loc":{"start":{"line":239,"column":4},"end":{"line":243,"column":5}},"type":"if","locations":[{"start":{"line":239,"column":4},"end":{"line":243,"column":5}},{"start":{"line":241,"column":11},"end":{"line":243,"column":5}}]},"7":{"loc":{"start":{"line":282,"column":4},"end":{"line":290,"column":5}},"type":"if","locations":[{"start":{"line":282,"column":4},"end":{"line":290,"column":5}},{"start":{"line":284,"column":11},"end":{"line":290,"column":5}}]},"8":{"loc":{"start":{"line":318,"column":4},"end":{"line":318,"column":49}},"type":"if","locations":[{"start":{"line":318,"column":4},"end":{"line":318,"column":49}}]},"9":{"loc":{"start":{"line":318,"column":8},"end":{"line":318,"column":41}},"type":"binary-expr","locations":[{"start":{"line":318,"column":8},"end":{"line":318,"column":21}},{"start":{"line":318,"column":25},"end":{"line":318,"column":41}}]},"10":{"loc":{"start":{"line":319,"column":4},"end":{"line":319,"column":46}},"type":"if","locations":[{"start":{"line":319,"column":4},"end":{"line":319,"column":46}}]},"11":{"loc":{"start":{"line":331,"column":30},"end":{"line":331,"column":40}},"type":"binary-expr","locations":[{"start":{"line":331,"column":30},"end":{"line":331,"column":34}},{"start":{"line":331,"column":38},"end":{"line":331,"column":40}}]},"12":{"loc":{"start":{"line":332,"column":39},"end":{"line":332,"column":52}},"type":"binary-expr","locations":[{"start":{"line":332,"column":39},"end":{"line":332,"column":46}},{"start":{"line":332,"column":50},"end":{"line":332,"column":52}}]},"13":{"loc":{"start":{"line":361,"column":53},"end":{"line":364,"column":null}},"type":"binary-expr","locations":[{"start":{"line":361,"column":53},"end":{"line":361,"column":59}},{"start":{"line":361,"column":63},"end":{"line":364,"column":null}}]},"14":{"loc":{"start":{"line":366,"column":4},"end":{"line":366,"column":21}},"type":"binary-expr","locations":[{"start":{"line":366,"column":4},"end":{"line":366,"column":15}},{"start":{"line":366,"column":19},"end":{"line":366,"column":21}}]},"15":{"loc":{"start":{"line":369,"column":4},"end":{"line":369,"column":21}},"type":"binary-expr","locations":[{"start":{"line":369,"column":4},"end":{"line":369,"column":15}},{"start":{"line":369,"column":19},"end":{"line":369,"column":21}}]},"16":{"loc":{"start":{"line":441,"column":4},"end":{"line":441,"column":28}},"type":"if","locations":[{"start":{"line":441,"column":4},"end":{"line":441,"column":28}}]},"17":{"loc":{"start":{"line":444,"column":2},"end":{"line":444,"column":47}},"type":"if","locations":[{"start":{"line":444,"column":2},"end":{"line":444,"column":47}}]},"18":{"loc":{"start":{"line":446,"column":2},"end":{"line":450,"column":3}},"type":"if","locations":[{"start":{"line":446,"column":2},"end":{"line":450,"column":3}}]},"19":{"loc":{"start":{"line":591,"column":2},"end":{"line":591,"column":19}},"type":"default-arg","locations":[{"start":{"line":591,"column":17},"end":{"line":591,"column":19}}]},"20":{"loc":{"start":{"line":595,"column":2},"end":{"line":599,"column":3}},"type":"if","locations":[{"start":{"line":595,"column":2},"end":{"line":599,"column":3}}]},"21":{"loc":{"start":{"line":628,"column":53},"end":{"line":631,"column":null}},"type":"binary-expr","locations":[{"start":{"line":628,"column":53},"end":{"line":628,"column":59}},{"start":{"line":628,"column":63},"end":{"line":631,"column":null}}]},"22":{"loc":{"start":{"line":633,"column":4},"end":{"line":633,"column":21}},"type":"binary-expr","locations":[{"start":{"line":633,"column":4},"end":{"line":633,"column":15}},{"start":{"line":633,"column":19},"end":{"line":633,"column":21}}]},"23":{"loc":{"start":{"line":636,"column":4},"end":{"line":636,"column":21}},"type":"binary-expr","locations":[{"start":{"line":636,"column":4},"end":{"line":636,"column":15}},{"start":{"line":636,"column":19},"end":{"line":636,"column":21}}]},"24":{"loc":{"start":{"line":668,"column":4},"end":{"line":674,"column":5}},"type":"if","locations":[{"start":{"line":668,"column":4},"end":{"line":674,"column":5}}]},"25":{"loc":{"start":{"line":690,"column":2},"end":{"line":693,"column":3}},"type":"if","locations":[{"start":{"line":690,"column":2},"end":{"line":693,"column":3}}]},"26":{"loc":{"start":{"line":726,"column":2},"end":{"line":726,"column":69}},"type":"default-arg","locations":[{"start":{"line":726,"column":37},"end":{"line":726,"column":69}}]},"27":{"loc":{"start":{"line":728,"column":2},"end":{"line":734,"column":3}},"type":"if","locations":[{"start":{"line":728,"column":2},"end":{"line":734,"column":3}}]},"28":{"loc":{"start":{"line":758,"column":2},"end":{"line":758,"column":29}},"type":"default-arg","locations":[{"start":{"line":758,"column":17},"end":{"line":758,"column":29}}]},"29":{"loc":{"start":{"line":763,"column":2},"end":{"line":765,"column":3}},"type":"if","locations":[{"start":{"line":763,"column":2},"end":{"line":765,"column":3}}]},"30":{"loc":{"start":{"line":763,"column":6},"end":{"line":763,"column":39}},"type":"binary-expr","locations":[{"start":{"line":763,"column":6},"end":{"line":763,"column":17}},{"start":{"line":763,"column":21},"end":{"line":763,"column":39}}]},"31":{"loc":{"start":{"line":768,"column":4},"end":{"line":770,"column":5}},"type":"if","locations":[{"start":{"line":768,"column":4},"end":{"line":770,"column":5}}]},"32":{"loc":{"start":{"line":790,"column":2},"end":{"line":790,"column":null}},"type":"if","locations":[{"start":{"line":790,"column":2},"end":{"line":790,"column":null}}]},"33":{"loc":{"start":{"line":802,"column":4},"end":{"line":804,"column":5}},"type":"if","locations":[{"start":{"line":802,"column":4},"end":{"line":804,"column":5}}]},"34":{"loc":{"start":{"line":806,"column":2},"end":{"line":817,"column":3}},"type":"if","locations":[{"start":{"line":806,"column":2},"end":{"line":817,"column":3}}]},"35":{"loc":{"start":{"line":806,"column":6},"end":{"line":806,"column":22}},"type":"binary-expr","locations":[{"start":{"line":806,"column":6},"end":{"line":806,"column":10}},{"start":{"line":806,"column":14},"end":{"line":806,"column":22}}]},"36":{"loc":{"start":{"line":814,"column":4},"end":{"line":816,"column":5}},"type":"if","locations":[{"start":{"line":814,"column":4},"end":{"line":816,"column":5}}]},"37":{"loc":{"start":{"line":818,"column":2},"end":{"line":820,"column":3}},"type":"if","locations":[{"start":{"line":818,"column":2},"end":{"line":820,"column":3}}]},"38":{"loc":{"start":{"line":865,"column":2},"end":{"line":865,"column":37}},"type":"default-arg","locations":[{"start":{"line":865,"column":35},"end":{"line":865,"column":37}}]},"39":{"loc":{"start":{"line":903,"column":30},"end":{"line":903,"column":47}},"type":"default-arg","locations":[{"start":{"line":903,"column":45},"end":{"line":903,"column":47}}]},"40":{"loc":{"start":{"line":904,"column":2},"end":{"line":906,"column":3}},"type":"if","locations":[{"start":{"line":904,"column":2},"end":{"line":906,"column":3}}]},"41":{"loc":{"start":{"line":923,"column":30},"end":{"line":923,"column":47}},"type":"default-arg","locations":[{"start":{"line":923,"column":45},"end":{"line":923,"column":47}}]}},"s":{"0":4,"1":4,"2":4,"3":8161185,"4":7924210,"5":4,"6":6,"7":1,"8":5,"9":4,"10":1,"11":4,"12":4,"13":2879069,"14":2879069,"15":5758132,"16":5758132,"17":2879069,"18":4144,"19":4144,"20":8234,"21":4144,"22":12196,"23":12196,"24":10162,"25":10162,"26":4064,"27":6098,"28":12196,"29":3049,"30":3049,"31":3049,"32":12260,"33":12260,"34":12260,"35":12234,"36":12234,"37":8161,"38":4073,"39":12260,"40":1,"41":1,"42":1,"43":2,"44":0,"45":2,"46":1,"47":1,"48":1,"49":1,"50":1,"51":1,"52":1,"53":1,"54":1,"55":1,"56":1,"57":2,"58":2,"59":2,"60":1,"61":1,"62":0,"63":0,"64":4,"65":3049,"66":3049,"67":3049,"68":3049,"69":3049,"70":3049,"71":3049,"72":2028,"73":2028,"74":3049,"75":2051,"76":0,"77":3049,"78":2044,"79":1,"80":3049,"81":8,"82":0,"83":3049,"84":8,"85":0,"86":3049,"87":7922158,"88":0,"89":3049,"90":4,"91":3075,"92":3075,"93":2036,"94":2036,"95":1,"96":2035,"97":3075,"98":1024,"99":2051,"100":2051,"101":8,"102":8,"103":8,"104":2051,"105":2051,"106":2051,"107":2051,"108":4,"109":15247,"110":4,"111":1,"112":4,"113":19,"114":19,"115":19,"116":12,"117":4,"118":13,"119":13,"120":13,"121":7,"122":4,"123":2100,"124":2100,"125":2100,"126":4126,"127":2100,"128":4116,"129":2100,"130":19,"131":19,"132":19,"133":19,"134":19,"135":19,"136":10,"137":10,"138":19,"139":4,"140":2065,"141":2065,"142":2065,"143":4107,"144":4107,"145":4107,"146":4107,"147":4107,"148":8,"149":8,"150":2064,"151":2064,"152":2064,"153":1,"154":0,"155":0,"156":1,"157":19,"158":1,"159":1,"160":1,"161":1,"162":0,"163":0,"164":4,"165":3126191,"166":247122,"167":247122,"168":10116,"169":247122,"170":2879069,"171":2879069,"172":2879069,"173":4,"174":726172,"175":726172,"176":10,"177":726162,"178":726162,"179":484100,"180":484060,"181":484100,"182":726162,"183":4,"184":7922158,"185":0,"186":7922158,"187":7922158,"188":7922158,"189":7922158,"190":5280056,"191":5278023,"192":7922158,"193":2046,"194":2046,"195":2046,"196":2046,"197":2046,"198":2044,"199":7922158,"200":5,"201":7922158,"202":4,"203":10,"204":10,"205":10,"206":10,"207":10,"208":10,"209":10,"210":8,"211":10,"212":6,"213":4,"214":2088,"215":2080,"216":8,"217":4,"218":13,"219":13,"220":8,"221":13,"222":4},"f":{"0":8161185,"1":7924210,"2":6,"3":2879069,"4":4144,"5":12196,"6":3049,"7":12260,"8":1,"9":2,"10":2,"11":0,"12":3049,"13":2051,"14":0,"15":2044,"16":1,"17":8,"18":0,"19":8,"20":0,"21":7922158,"22":0,"23":3075,"24":15247,"25":1,"26":19,"27":13,"28":2100,"29":19,"30":2065,"31":2064,"32":1,"33":19,"34":0,"35":3126191,"36":726172,"37":7922158,"38":8,"39":2088,"40":13},"b":{"0":[7924210,5282116],"1":[1],"2":[1],"3":[0],"4":[5758127,5],"5":[0],"6":[4064,6098],"7":[8161,4073],"8":[0],"9":[2,2],"10":[1],"11":[2,1],"12":[2,1],"13":[3049,1020],"14":[3049,3047],"15":[3049,3047],"16":[1],"17":[1024],"18":[8],"19":[2100],"20":[2100],"21":[19,1],"22":[19,7],"23":[19,17],"24":[8],"25":[0],"26":[2400029],"27":[247122],"28":[242050],"29":[10],"30":[726172,30],"31":[484060],"32":[0],"33":[5278023],"34":[2046],"35":[7922158,3075],"36":[2044],"37":[5],"38":[7],"39":[2075],"40":[2080],"41":[11]}}
,"/Users/zephyrjones/Documents/programming/aninest/src/Animate/Interp.ts": {"path":"/Users/zephyrjones/Documents/programming/aninest/src/Animate/Interp.ts","statementMap":{"0":{"start":{"line":6,"column":0},"end":{"line":6,"column":49}},"1":{"start":{"line":20,"column":25},"end":{"line":20,"column":42}},"2":{"start":{"line":20,"column":41},"end":{"line":20,"column":42}},"3":{"start":{"line":20,"column":13},"end":{"line":20,"column":25}},"4":{"start":{"line":23,"column":2},"end":{"line":23,"column":null}},"5":{"start":{"line":30,"column":2},"end":{"line":30,"column":null}},"6":{"start":{"line":30,"column":21},"end":{"line":30,"column":null}},"7":{"start":{"line":31,"column":2},"end":{"line":31,"column":null}},"8":{"start":{"line":31,"column":14},"end":{"line":31,"column":26}},"9":{"start":{"line":29,"column":0},"end":{"line":29,"column":16}},"10":{"start":{"line":38,"column":2},"end":{"line":38,"column":null}},"11":{"start":{"line":38,"column":21},"end":{"line":38,"column":null}},"12":{"start":{"line":39,"column":2},"end":{"line":39,"column":null}},"13":{"start":{"line":39,"column":14},"end":{"line":39,"column":64}},"14":{"start":{"line":37,"column":0},"end":{"line":37,"column":16}},"15":{"start":{"line":55,"column":2},"end":{"line":55,"column":null}},"16":{"start":{"line":66,"column":2},"end":{"line":66,"column":null}},"17":{"start":{"line":66,"column":21},"end":{"line":66,"column":null}},"18":{"start":{"line":67,"column":2},"end":{"line":67,"column":null}},"19":{"start":{"line":67,"column":14},"end":{"line":67,"column":59}},"20":{"start":{"line":61,"column":0},"end":{"line":61,"column":16}}},"fnMap":{"0":{"name":"(anonymous_0)","decl":{"start":{"line":20,"column":25},"end":{"line":20,"column":26}},"loc":{"start":{"line":20,"column":41},"end":{"line":20,"column":42}}},"1":{"name":"getProgress","decl":{"start":{"line":22,"column":9},"end":{"line":22,"column":20}},"loc":{"start":{"line":22,"column":48},"end":{"line":24,"column":1}}},"2":{"name":"getLinearInterp","decl":{"start":{"line":29,"column":16},"end":{"line":29,"column":31}},"loc":{"start":{"line":29,"column":48},"end":{"line":32,"column":1}}},"3":{"name":"(anonymous_3)","decl":{"start":{"line":31,"column":9},"end":{"line":31,"column":10}},"loc":{"start":{"line":31,"column":14},"end":{"line":31,"column":26}}},"4":{"name":"getSlerp","decl":{"start":{"line":37,"column":16},"end":{"line":37,"column":24}},"loc":{"start":{"line":37,"column":41},"end":{"line":40,"column":1}}},"5":{"name":"(anonymous_5)","decl":{"start":{"line":39,"column":9},"end":{"line":39,"column":10}},"loc":{"start":{"line":39,"column":14},"end":{"line":39,"column":64}}},"6":{"name":"cubicBezier","decl":{"start":{"line":54,"column":9},"end":{"line":54,"column":20}},"loc":{"start":{"line":54,"column":61},"end":{"line":56,"column":1}}},"7":{"name":"getCubicBezier","decl":{"start":{"line":61,"column":16},"end":{"line":61,"column":30}},"loc":{"start":{"line":64,"column":12},"end":{"line":68,"column":1}}},"8":{"name":"(anonymous_8)","decl":{"start":{"line":67,"column":9},"end":{"line":67,"column":10}},"loc":{"start":{"line":67,"column":14},"end":{"line":67,"column":59}}}},"branchMap":{"0":{"loc":{"start":{"line":30,"column":2},"end":{"line":30,"column":null}},"type":"if","locations":[{"start":{"line":30,"column":2},"end":{"line":30,"column":null}}]},"1":{"loc":{"start":{"line":38,"column":2},"end":{"line":38,"column":null}},"type":"if","locations":[{"start":{"line":38,"column":2},"end":{"line":38,"column":null}}]},"2":{"loc":{"start":{"line":66,"column":2},"end":{"line":66,"column":null}},"type":"if","locations":[{"start":{"line":66,"column":2},"end":{"line":66,"column":null}}]}},"s":{"0":4,"1":4,"2":21,"3":4,"4":0,"5":1016,"6":0,"7":1016,"8":8161164,"9":4,"10":0,"11":0,"12":0,"13":0,"14":4,"15":0,"16":0,"17":0,"18":0,"19":0,"20":4},"f":{"0":21,"1":0,"2":1016,"3":8161164,"4":0,"5":0,"6":0,"7":0,"8":0},"b":{"0":[0],"1":[0],"2":[0]}}
,"/Users/zephyrjones/Documents/programming/aninest/src/Animate/index.ts": {"path":"/Users/zephyrjones/Documents/programming/aninest/src/Animate/index.ts","statementMap":{"0":{"start":{"line":3,"column":0},"end":{"line":3,"column":28}},"1":{"start":{"line":5,"column":0},"end":{"line":5,"column":24}}},"fnMap":{},"branchMap":{},"s":{"0":4,"1":4},"f":{},"b":{}}
,"/Users/zephyrjones/Documents/programming/aninest/src/Utils/index.ts": {"path":"/Users/zephyrjones/Documents/programming/aninest/src/Utils/index.ts","statementMap":{"0":{"start":{"line":1,"column":0},"end":{"line":1,"column":23}},"1":{"start":{"line":2,"column":0},"end":{"line":2,"column":22}}},"fnMap":{},"branchMap":{},"s":{"0":4,"1":4},"f":{},"b":{}}
,"/Users/zephyrjones/Documents/programming/aninest/src/Utils/sleep.ts": {"path":"/Users/zephyrjones/Documents/programming/aninest/src/Utils/sleep.ts","statementMap":{"0":{"start":{"line":9,"column":21},"end":{"line":10,"column":67}},"1":{"start":{"line":10,"column":2},"end":{"line":10,"column":67}},"2":{"start":{"line":10,"column":31},"end":{"line":10,"column":66}},"3":{"start":{"line":9,"column":13},"end":{"line":9,"column":21}}},"fnMap":{"0":{"name":"(anonymous_0)","decl":{"start":{"line":9,"column":21},"end":{"line":9,"column":26}},"loc":{"start":{"line":10,"column":2},"end":{"line":10,"column":67}}},"1":{"name":"(anonymous_1)","decl":{"start":{"line":10,"column":20},"end":{"line":10,"column":27}},"loc":{"start":{"line":10,"column":31},"end":{"line":10,"column":66}}}},"branchMap":{},"s":{"0":4,"1":0,"2":0,"3":4},"f":{"0":0,"1":0},"b":{}}
,"/Users/zephyrjones/Documents/programming/aninest/src/Utils/vec2.ts": {"path":"/Users/zephyrjones/Documents/programming/aninest/src/Utils/vec2.ts","statementMap":{"0":{"start":{"line":15,"column":24},"end":{"line":15,"column":76}},"1":{"start":{"line":15,"column":61},"end":{"line":15,"column":76}},"2":{"start":{"line":15,"column":13},"end":{"line":15,"column":24}},"3":{"start":{"line":16,"column":26},"end":{"line":30,"column":1}},"4":{"start":{"line":24,"column":13},"end":{"line":24,"column":35}},"5":{"start":{"line":25,"column":13},"end":{"line":25,"column":32}},"6":{"start":{"line":26,"column":13},"end":{"line":26,"column":33}},"7":{"start":{"line":27,"column":15},"end":{"line":27,"column":34}},"8":{"start":{"line":28,"column":15},"end":{"line":28,"column":34}},"9":{"start":{"line":29,"column":2},"end":{"line":29,"column":null}},"10":{"start":{"line":16,"column":13},"end":{"line":16,"column":26}},"11":{"start":{"line":40,"column":13},"end":{"line":40,"column":null}},"12":{"start":{"line":49,"column":21},"end":{"line":62,"column":1}},"13":{"start":{"line":54,"column":12},"end":{"line":54,"column":13}},"14":{"start":{"line":55,"column":2},"end":{"line":57,"column":3}},"15":{"start":{"line":56,"column":4},"end":{"line":56,"column":null}},"16":{"start":{"line":58,"column":2},"end":{"line":60,"column":3}},"17":{"start":{"line":59,"column":4},"end":{"line":59,"column":null}},"18":{"start":{"line":61,"column":2},"end":{"line":61,"column":null}},"19":{"start":{"line":49,"column":13},"end":{"line":49,"column":21}},"20":{"start":{"line":67,"column":23},"end":{"line":67,"column":65}},"21":{"start":{"line":67,"column":56},"end":{"line":67,"column":64}},"22":{"start":{"line":67,"column":13},"end":{"line":67,"column":23}},"23":{"start":{"line":72,"column":22},"end":{"line":72,"column":79}},"24":{"start":{"line":72,"column":46},"end":{"line":72,"column":79}},"25":{"start":{"line":72,"column":13},"end":{"line":72,"column":22}},"26":{"start":{"line":78,"column":22},"end":{"line":78,"column":79}},"27":{"start":{"line":78,"column":46},"end":{"line":78,"column":79}},"28":{"start":{"line":78,"column":13},"end":{"line":78,"column":22}},"29":{"start":{"line":84,"column":22},"end":{"line":84,"column":79}},"30":{"start":{"line":84,"column":46},"end":{"line":84,"column":79}},"31":{"start":{"line":84,"column":13},"end":{"line":84,"column":22}},"32":{"start":{"line":92,"column":25},"end":{"line":92,"column":74}},"33":{"start":{"line":92,"column":49},"end":{"line":92,"column":74}},"34":{"start":{"line":92,"column":13},"end":{"line":92,"column":25}},"35":{"start":{"line":100,"column":22},"end":{"line":100,"column":79}},"36":{"start":{"line":100,"column":46},"end":{"line":100,"column":79}},"37":{"start":{"line":100,"column":13},"end":{"line":100,"column":22}},"38":{"start":{"line":107,"column":19},"end":{"line":107,"column":56}},"39":{"start":{"line":107,"column":32},"end":{"line":107,"column":56}},"40":{"start":{"line":107,"column":13},"end":{"line":107,"column":19}},"41":{"start":{"line":115,"column":25},"end":{"line":115,"column":57}},"42":{"start":{"line":115,"column":38},"end":{"line":115,"column":57}},"43":{"start":{"line":115,"column":13},"end":{"line":115,"column":25}},"44":{"start":{"line":122,"column":26},"end":{"line":122,"column":60}},"45":{"start":{"line":122,"column":39},"end":{"line":122,"column":60}},"46":{"start":{"line":122,"column":13},"end":{"line":122,"column":26}},"47":{"start":{"line":129,"column":25},"end":{"line":129,"column":58}},"48":{"start":{"line":129,"column":38},"end":{"line":129,"column":58}},"49":{"start":{"line":129,"column":13},"end":{"line":129,"column":25}},"50":{"start":{"line":137,"column":25},"end":{"line":137,"column":74}},"51":{"start":{"line":137,"column":49},"end":{"line":137,"column":74}},"52":{"start":{"line":137,"column":13},"end":{"line":137,"column":25}},"53":{"start":{"line":145,"column":19},"end":{"line":145,"column":68}},"54":{"start":{"line":145,"column":43},"end":{"line":145,"column":68}},"55":{"start":{"line":145,"column":13},"end":{"line":145,"column":19}},"56":{"start":{"line":153,"column":21},"end":{"line":153,"column":70}},"57":{"start":{"line":153,"column":45},"end":{"line":153,"column":70}},"58":{"start":{"line":153,"column":13},"end":{"line":153,"column":21}},"59":{"start":{"line":161,"column":22},"end":{"line":165,"column":1}},"60":{"start":{"line":162,"column":12},"end":{"line":162,"column":27}},"61":{"start":{"line":163,"column":12},"end":{"line":163,"column":27}},"62":{"start":{"line":164,"column":2},"end":{"line":164,"column":null}},"63":{"start":{"line":161,"column":13},"end":{"line":161,"column":22}},"64":{"start":{"line":174,"column":28},"end":{"line":180,"column":1}},"65":{"start":{"line":175,"column":12},"end":{"line":175,"column":27}},"66":{"start":{"line":176,"column":12},"end":{"line":176,"column":27}},"67":{"start":{"line":177,"column":12},"end":{"line":177,"column":25}},"68":{"start":{"line":178,"column":12},"end":{"line":178,"column":25}},"69":{"start":{"line":179,"column":2},"end":{"line":179,"column":null}},"70":{"start":{"line":174,"column":13},"end":{"line":174,"column":28}},"71":{"start":{"line":187,"column":20},"end":{"line":187,"column":50}},"72":{"start":{"line":187,"column":33},"end":{"line":187,"column":50}},"73":{"start":{"line":187,"column":13},"end":{"line":187,"column":20}},"74":{"start":{"line":195,"column":26},"end":{"line":195,"column":80}},"75":{"start":{"line":195,"column":50},"end":{"line":195,"column":80}},"76":{"start":{"line":195,"column":13},"end":{"line":195,"column":26}},"77":{"start":{"line":200,"column":27},"end":{"line":201,"column":53}},"78":{"start":{"line":201,"column":2},"end":{"line":201,"column":53}},"79":{"start":{"line":200,"column":13},"end":{"line":200,"column":27}},"80":{"start":{"line":210,"column":22},"end":{"line":211,"column":31}},"81":{"start":{"line":211,"column":2},"end":{"line":211,"column":31}},"82":{"start":{"line":210,"column":13},"end":{"line":210,"column":22}},"83":{"start":{"line":220,"column":20},"end":{"line":221,"column":65}},"84":{"start":{"line":221,"column":2},"end":{"line":221,"column":65}},"85":{"start":{"line":220,"column":13},"end":{"line":220,"column":20}},"86":{"start":{"line":232,"column":22},"end":{"line":244,"column":1}},"87":{"start":{"line":240,"column":2},"end":{"line":243,"column":null}},"88":{"start":{"line":232,"column":13},"end":{"line":232,"column":22}}},"fnMap":{"0":{"name":"(anonymous_0)","decl":{"start":{"line":15,"column":24},"end":{"line":15,"column":25}},"loc":{"start":{"line":15,"column":61},"end":{"line":15,"column":76}}},"1":{"name":"(anonymous_1)","decl":{"start":{"line":16,"column":26},"end":{"line":16,"column":null}},"loc":{"start":{"line":22,"column":4},"end":{"line":30,"column":1}}},"2":{"name":"(anonymous_2)","decl":{"start":{"line":49,"column":21},"end":{"line":49,"column":null}},"loc":{"start":{"line":53,"column":4},"end":{"line":62,"column":1}}},"3":{"name":"(anonymous_3)","decl":{"start":{"line":67,"column":23},"end":{"line":67,"column":24}},"loc":{"start":{"line":67,"column":56},"end":{"line":67,"column":64}}},"4":{"name":"(anonymous_4)","decl":{"start":{"line":72,"column":22},"end":{"line":72,"column":23}},"loc":{"start":{"line":72,"column":46},"end":{"line":72,"column":79}}},"5":{"name":"(anonymous_5)","decl":{"start":{"line":78,"column":22},"end":{"line":78,"column":23}},"loc":{"start":{"line":78,"column":46},"end":{"line":78,"column":79}}},"6":{"name":"(anonymous_6)","decl":{"start":{"line":84,"column":22},"end":{"line":84,"column":23}},"loc":{"start":{"line":84,"column":46},"end":{"line":84,"column":79}}},"7":{"name":"(anonymous_7)","decl":{"start":{"line":92,"column":25},"end":{"line":92,"column":26}},"loc":{"start":{"line":92,"column":49},"end":{"line":92,"column":74}}},"8":{"name":"(anonymous_8)","decl":{"start":{"line":100,"column":22},"end":{"line":100,"column":23}},"loc":{"start":{"line":100,"column":46},"end":{"line":100,"column":79}}},"9":{"name":"(anonymous_9)","decl":{"start":{"line":107,"column":19},"end":{"line":107,"column":20}},"loc":{"start":{"line":107,"column":32},"end":{"line":107,"column":56}}},"10":{"name":"(anonymous_10)","decl":{"start":{"line":115,"column":25},"end":{"line":115,"column":26}},"loc":{"start":{"line":115,"column":38},"end":{"line":115,"column":57}}},"11":{"name":"(anonymous_11)","decl":{"start":{"line":122,"column":26},"end":{"line":122,"column":27}},"loc":{"start":{"line":122,"column":39},"end":{"line":122,"column":60}}},"12":{"name":"(anonymous_12)","decl":{"start":{"line":129,"column":25},"end":{"line":129,"column":26}},"loc":{"start":{"line":129,"column":38},"end":{"line":129,"column":58}}},"13":{"name":"(anonymous_13)","decl":{"start":{"line":137,"column":25},"end":{"line":137,"column":26}},"loc":{"start":{"line":137,"column":49},"end":{"line":137,"column":74}}},"14":{"name":"(anonymous_14)","decl":{"start":{"line":145,"column":19},"end":{"line":145,"column":20}},"loc":{"start":{"line":145,"column":43},"end":{"line":145,"column":68}}},"15":{"name":"(anonymous_15)","decl":{"start":{"line":153,"column":21},"end":{"line":153,"column":22}},"loc":{"start":{"line":153,"column":45},"end":{"line":153,"column":70}}},"16":{"name":"(anonymous_16)","decl":{"start":{"line":161,"column":22},"end":{"line":161,"column":23}},"loc":{"start":{"line":161,"column":49},"end":{"line":165,"column":1}}},"17":{"name":"(anonymous_17)","decl":{"start":{"line":174,"column":28},"end":{"line":174,"column":29}},"loc":{"start":{"line":174,"column":68},"end":{"line":180,"column":1}}},"18":{"name":"(anonymous_18)","decl":{"start":{"line":187,"column":20},"end":{"line":187,"column":21}},"loc":{"start":{"line":187,"column":33},"end":{"line":187,"column":50}}},"19":{"name":"(anonymous_19)","decl":{"start":{"line":195,"column":26},"end":{"line":195,"column":27}},"loc":{"start":{"line":195,"column":50},"end":{"line":195,"column":80}}},"20":{"name":"(anonymous_20)","decl":{"start":{"line":200,"column":27},"end":{"line":200,"column":28}},"loc":{"start":{"line":201,"column":2},"end":{"line":201,"column":53}}},"21":{"name":"(anonymous_21)","decl":{"start":{"line":210,"column":22},"end":{"line":210,"column":23}},"loc":{"start":{"line":211,"column":2},"end":{"line":211,"column":31}}},"22":{"name":"(anonymous_22)","decl":{"start":{"line":220,"column":20},"end":{"line":220,"column":21}},"loc":{"start":{"line":221,"column":2},"end":{"line":221,"column":65}}},"23":{"name":"(anonymous_23)","decl":{"start":{"line":232,"column":22},"end":{"line":232,"column":null}},"loc":{"start":{"line":238,"column":4},"end":{"line":244,"column":1}}}},"branchMap":{"0":{"loc":{"start":{"line":55,"column":2},"end":{"line":57,"column":3}},"type":"if","locations":[{"start":{"line":55,"column":2},"end":{"line":57,"column":3}}]},"1":{"loc":{"start":{"line":58,"column":2},"end":{"line":60,"column":3}},"type":"if","locations":[{"start":{"line":58,"column":2},"end":{"line":60,"column":3}}]}},"s":{"0":4,"1":5758127,"2":4,"3":4,"4":0,"5":0,"6":0,"7":0,"8":0,"9":0,"10":4,"11":4,"12":4,"13":8165292,"14":8165292,"15":8161193,"16":8165292,"17":8161208,"18":8165292,"19":4,"20":4,"21":4049,"22":4,"23":4,"24":0,"25":4,"26":4,"27":0,"28":4,"29":4,"30":0,"31":4,"32":4,"33":0,"34":4,"35":4,"36":0,"37":4,"38":4,"39":0,"40":4,"41":4,"42":0,"43":4,"44":4,"45":0,"46":4,"47":4,"48":0,"49":4,"50":4,"51":1,"52":4,"53":4,"54":0,"55":4,"56":4,"57":0,"58":4,"59":4,"60":0,"61":0,"62":0,"63":4,"64":4,"65":0,"66":0,"67":0,"68":0,"69":0,"70":4,"71":4,"72":0,"73":4,"74":4,"75":0,"76":4,"77":4,"78":0,"79":4,"80":4,"81":0,"82":4,"83":4,"84":0,"85":4,"86":4,"87":0,"88":4},"f":{"0":5758127,"1":0,"2":8165292,"3":4049,"4":0,"5":0,"6":0,"7":0,"8":0,"9":0,"10":0,"11":0,"12":0,"13":1,"14":0,"15":0,"16":0,"17":0,"18":0,"19":0,"20":0,"21":0,"22":0,"23":0},"b":{"0":[8161193],"1":[8161208]}}
}
