{"/Users/zephyrjones/Documents/programming/aninest/src/Listeners.ts": {"path":"/Users/zephyrjones/Documents/programming/aninest/src/Listeners.ts","statementMap":{"0":{"start":{"line":33,"column":2},"end":{"line":37,"column":3}},"1":{"start":{"line":34,"column":4},"end":{"line":36,"column":5}},"2":{"start":{"line":35,"column":6},"end":{"line":35,"column":null}},"3":{"start":{"line":32,"column":0},"end":{"line":32,"column":16}}},"fnMap":{"0":{"name":"broadcast","decl":{"start":{"line":32,"column":16},"end":{"line":32,"column":25}},"loc":{"start":{"line":32,"column":66},"end":{"line":38,"column":1}}}},"branchMap":{"0":{"loc":{"start":{"line":34,"column":4},"end":{"line":36,"column":5}},"type":"if","locations":[{"start":{"line":34,"column":4},"end":{"line":36,"column":5}}]}},"s":{"0":6114,"1":3,"2":0,"3":4},"f":{"0":6114},"b":{"0":[0]}}
,"/Users/zephyrjones/Documents/programming/aninest/src/index.ts": {"path":"/Users/zephyrjones/Documents/programming/aninest/src/index.ts","statementMap":{"0":{"start":{"line":1,"column":0},"end":{"line":1,"column":25}},"1":{"start":{"line":3,"column":0},"end":{"line":3,"column":23}}},"fnMap":{},"branchMap":{},"s":{"0":4,"1":4},"f":{},"b":{}}
,"/Users/zephyrjones/Documents/programming/aninest/src/Animate/Animatable.ts": {"path":"/Users/zephyrjones/Documents/programming/aninest/src/Animate/Animatable.ts","statementMap":{"0":{"start":{"line":6,"column":0},"end":{"line":6,"column":47}},"1":{"start":{"line":7,"column":0},"end":{"line":7,"column":71}},"2":{"start":{"line":169,"column":2},"end":{"line":169,"column":null}},"3":{"start":{"line":181,"column":2},"end":{"line":181,"column":null}},"4":{"start":{"line":178,"column":0},"end":{"line":178,"column":16}},"5":{"start":{"line":189,"column":14},"end":{"line":189,"column":30}},"6":{"start":{"line":190,"column":2},"end":{"line":194,"column":3}},"7":{"start":{"line":191,"column":20},"end":{"line":191,"column":27}},"8":{"start":{"line":192,"column":4},"end":{"line":193,"column":null}},"9":{"start":{"line":196,"column":2},"end":{"line":196,"column":null}},"10":{"start":{"line":200,"column":2},"end":{"line":200,"column":null}},"11":{"start":{"line":208,"column":18},"end":{"line":208,"column":34}},"12":{"start":{"line":209,"column":20},"end":{"line":209,"column":38}},"13":{"start":{"line":210,"column":2},"end":{"line":221,"column":null}},"14":{"start":{"line":227,"column":15},"end":{"line":227,"column":39}},"15":{"start":{"line":228,"column":19},"end":{"line":228,"column":57}},"16":{"start":{"line":229,"column":2},"end":{"line":240,"column":3}},"17":{"start":{"line":230,"column":18},"end":{"line":230,"column":26}},"18":{"start":{"line":231,"column":4},"end":{"line":239,"column":5}},"19":{"start":{"line":232,"column":6},"end":{"line":232,"column":null}},"20":{"start":{"line":234,"column":6},"end":{"line":238,"column":null}},"21":{"start":{"line":241,"column":2},"end":{"line":241,"column":null}},"22":{"start":{"line":262,"column":27},"end":{"line":262,"column":49}},"23":{"start":{"line":263,"column":53},"end":{"line":266,"column":null}},"24":{"start":{"line":267,"column":49},"end":{"line":268,"column":null}},"25":{"start":{"line":270,"column":49},"end":{"line":271,"column":null}},"26":{"start":{"line":273,"column":15},"end":{"line":276,"column":31}},"27":{"start":{"line":278,"column":2},"end":{"line":278,"column":null}},"28":{"start":{"line":279,"column":2},"end":{"line":291,"column":3}},"29":{"start":{"line":280,"column":24},"end":{"line":283,"column":null}},"30":{"start":{"line":284,"column":4},"end":{"line":290,"column":null}},"31":{"start":{"line":292,"column":2},"end":{"line":292,"column":null}},"32":{"start":{"line":257,"column":0},"end":{"line":257,"column":16}},"33":{"start":{"line":311,"column":30},"end":{"line":312,"column":null}},"34":{"start":{"line":315,"column":2},"end":{"line":319,"column":3}},"35":{"start":{"line":316,"column":22},"end":{"line":316,"column":59}},"36":{"start":{"line":317,"column":4},"end":{"line":317,"column":28}},"37":{"start":{"line":317,"column":20},"end":{"line":317,"column":28}},"38":{"start":{"line":318,"column":4},"end":{"line":318,"column":null}},"39":{"start":{"line":320,"column":2},"end":{"line":320,"column":47}},"40":{"start":{"line":320,"column":41},"end":{"line":320,"column":47}},"41":{"start":{"line":321,"column":19},"end":{"line":321,"column":65}},"42":{"start":{"line":322,"column":2},"end":{"line":326,"column":3}},"43":{"start":{"line":323,"column":4},"end":{"line":323,"column":null}},"44":{"start":{"line":324,"column":4},"end":{"line":324,"column":null}},"45":{"start":{"line":325,"column":4},"end":{"line":325,"column":null}},"46":{"start":{"line":327,"column":2},"end":{"line":327,"column":null}},"47":{"start":{"line":328,"column":2},"end":{"line":328,"column":null}},"48":{"start":{"line":329,"column":2},"end":{"line":329,"column":null}},"49":{"start":{"line":330,"column":2},"end":{"line":330,"column":null}},"50":{"start":{"line":331,"column":2},"end":{"line":331,"column":null}},"51":{"start":{"line":307,"column":0},"end":{"line":307,"column":16}},"52":{"start":{"line":359,"column":2},"end":{"line":359,"column":null}},"53":{"start":{"line":352,"column":0},"end":{"line":352,"column":16}},"54":{"start":{"line":385,"column":2},"end":{"line":385,"column":null}},"55":{"start":{"line":380,"column":0},"end":{"line":380,"column":16}},"56":{"start":{"line":400,"column":2},"end":{"line":408,"column":3}},"57":{"start":{"line":407,"column":4},"end":{"line":407,"column":null}},"58":{"start":{"line":409,"column":2},"end":{"line":409,"column":null}},"59":{"start":{"line":397,"column":0},"end":{"line":397,"column":16}},"60":{"start":{"line":431,"column":2},"end":{"line":439,"column":3}},"61":{"start":{"line":438,"column":4},"end":{"line":438,"column":null}},"62":{"start":{"line":440,"column":2},"end":{"line":440,"column":null}},"63":{"start":{"line":428,"column":0},"end":{"line":428,"column":16}},"64":{"start":{"line":448,"column":14},"end":{"line":448,"column":28}},"65":{"start":{"line":449,"column":2},"end":{"line":453,"column":3}},"66":{"start":{"line":450,"column":4},"end":{"line":452,"column":5}},"67":{"start":{"line":451,"column":6},"end":{"line":451,"column":null}},"68":{"start":{"line":454,"column":2},"end":{"line":456,"column":3}},"69":{"start":{"line":455,"column":4},"end":{"line":455,"column":null}},"70":{"start":{"line":457,"column":2},"end":{"line":457,"column":null}},"71":{"start":{"line":482,"column":53},"end":{"line":485,"column":null}},"72":{"start":{"line":486,"column":49},"end":{"line":487,"column":null}},"73":{"start":{"line":489,"column":49},"end":{"line":490,"column":null}},"74":{"start":{"line":493,"column":41},"end":{"line":496,"column":null}},"75":{"start":{"line":497,"column":2},"end":{"line":497,"column":null}},"76":{"start":{"line":498,"column":2},"end":{"line":507,"column":3}},"77":{"start":{"line":499,"column":24},"end":{"line":502,"column":null}},"78":{"start":{"line":503,"column":4},"end":{"line":506,"column":null}},"79":{"start":{"line":509,"column":2},"end":{"line":509,"column":null}},"80":{"start":{"line":478,"column":0},"end":{"line":478,"column":16}},"81":{"start":{"line":515,"column":27},"end":{"line":515,"column":39}},"82":{"start":{"line":516,"column":22},"end":{"line":516,"column":47}},"83":{"start":{"line":517,"column":2},"end":{"line":529,"column":3}},"84":{"start":{"line":518,"column":20},"end":{"line":518,"column":36}},"85":{"start":{"line":519,"column":23},"end":{"line":519,"column":33}},"86":{"start":{"line":520,"column":23},"end":{"line":520,"column":33}},"87":{"start":{"line":521,"column":19},"end":{"line":521,"column":66}},"88":{"start":{"line":522,"column":4},"end":{"line":528,"column":5}},"89":{"start":{"line":523,"column":6},"end":{"line":525,"column":null}},"90":{"start":{"line":527,"column":6},"end":{"line":527,"column":null}},"91":{"start":{"line":536,"column":2},"end":{"line":536,"column":null}},"92":{"start":{"line":537,"column":2},"end":{"line":537,"column":null}},"93":{"start":{"line":538,"column":2},"end":{"line":538,"column":null}},"94":{"start":{"line":560,"column":2},"end":{"line":562,"column":3}},"95":{"start":{"line":561,"column":4},"end":{"line":561,"column":null}},"96":{"start":{"line":563,"column":19},"end":{"line":563,"column":36}},"97":{"start":{"line":564,"column":2},"end":{"line":568,"column":null}},"98":{"start":{"line":557,"column":0},"end":{"line":557,"column":16}},"99":{"start":{"line":585,"column":14},"end":{"line":585,"column":46}},"100":{"start":{"line":586,"column":2},"end":{"line":590,"column":3}},"101":{"start":{"line":587,"column":4},"end":{"line":589,"column":null}},"102":{"start":{"line":591,"column":2},"end":{"line":591,"column":null}},"103":{"start":{"line":582,"column":0},"end":{"line":582,"column":16}},"104":{"start":{"line":605,"column":2},"end":{"line":605,"column":null}},"105":{"start":{"line":605,"column":14},"end":{"line":605,"column":null}},"106":{"start":{"line":606,"column":2},"end":{"line":606,"column":null}},"107":{"start":{"line":607,"column":12},"end":{"line":607,"column":38}},"108":{"start":{"line":609,"column":2},"end":{"line":619,"column":3}},"109":{"start":{"line":616,"column":4},"end":{"line":618,"column":5}},"110":{"start":{"line":617,"column":6},"end":{"line":617,"column":null}},"111":{"start":{"line":620,"column":2},"end":{"line":631,"column":3}},"112":{"start":{"line":621,"column":21},"end":{"line":621,"column":53}},"113":{"start":{"line":622,"column":4},"end":{"line":622,"column":null}},"114":{"start":{"line":623,"column":4},"end":{"line":623,"column":null}},"115":{"start":{"line":627,"column":4},"end":{"line":627,"column":null}},"116":{"start":{"line":628,"column":4},"end":{"line":630,"column":5}},"117":{"start":{"line":629,"column":6},"end":{"line":629,"column":null}},"118":{"start":{"line":632,"column":2},"end":{"line":632,"column":null}},"119":{"start":{"line":601,"column":0},"end":{"line":601,"column":16}},"120":{"start":{"line":678,"column":2},"end":{"line":678,"column":null}},"121":{"start":{"line":679,"column":2},"end":{"line":679,"column":null}},"122":{"start":{"line":680,"column":13},"end":{"line":680,"column":38}},"123":{"start":{"line":681,"column":2},"end":{"line":681,"column":null}},"124":{"start":{"line":682,"column":2},"end":{"line":682,"column":null}},"125":{"start":{"line":683,"column":2},"end":{"line":683,"column":null}},"126":{"start":{"line":684,"column":2},"end":{"line":684,"column":null}},"127":{"start":{"line":686,"column":27},"end":{"line":687,"column":null}},"128":{"start":{"line":687,"column":18},"end":{"line":687,"column":58}},"129":{"start":{"line":689,"column":2},"end":{"line":697,"column":3}},"130":{"start":{"line":690,"column":4},"end":{"line":696,"column":null}},"131":{"start":{"line":671,"column":0},"end":{"line":671,"column":16}},"132":{"start":{"line":716,"column":2},"end":{"line":718,"column":3}},"133":{"start":{"line":717,"column":4},"end":{"line":717,"column":null}},"134":{"start":{"line":719,"column":2},"end":{"line":719,"column":null}},"135":{"start":{"line":713,"column":0},"end":{"line":713,"column":16}},"136":{"start":{"line":736,"column":14},"end":{"line":736,"column":52}},"137":{"start":{"line":737,"column":2},"end":{"line":747,"column":3}},"138":{"start":{"line":744,"column":4},"end":{"line":746,"column":null}},"139":{"start":{"line":748,"column":2},"end":{"line":748,"column":null}},"140":{"start":{"line":733,"column":0},"end":{"line":733,"column":16}}},"fnMap":{"0":{"name":"getProgress","decl":{"start":{"line":168,"column":9},"end":{"line":168,"column":20}},"loc":{"start":{"line":168,"column":77},"end":{"line":170,"column":1}}},"1":{"name":"animationNeedsUpdate","decl":{"start":{"line":178,"column":16},"end":{"line":178,"column":36}},"loc":{"start":{"line":179,"column":28},"end":{"line":182,"column":1}}},"2":{"name":"lerpAnimatable","decl":{"start":{"line":184,"column":9},"end":{"line":184,"column":23}},"loc":{"start":{"line":187,"column":18},"end":{"line":197,"column":1}}},"3":{"name":"copyObject","decl":{"start":{"line":199,"column":9},"end":{"line":199,"column":19}},"loc":{"start":{"line":199,"column":29},"end":{"line":201,"column":1}}},"4":{"name":"createLocalAnimation","decl":{"start":{"line":203,"column":9},"end":{"line":203,"column":29}},"loc":{"start":{"line":206,"column":51},"end":{"line":222,"column":1}}},"5":{"name":"separateChildren","decl":{"start":{"line":224,"column":9},"end":{"line":224,"column":25}},"loc":{"start":{"line":225,"column":8},"end":{"line":242,"column":1}}},"6":{"name":"createAnimation","decl":{"start":{"line":257,"column":16},"end":{"line":257,"column":31}},"loc":{"start":{"line":260,"column":23},"end":{"line":293,"column":1}}},"7":{"name":"modifyTo","decl":{"start":{"line":307,"column":16},"end":{"line":307,"column":24}},"loc":{"start":{"line":309,"column":43},"end":{"line":332,"column":1}}},"8":{"name":"addLocalListener","decl":{"start":{"line":352,"column":16},"end":{"line":352,"column":32}},"loc":{"start":{"line":357,"column":57},"end":{"line":360,"column":1}}},"9":{"name":"removeListener","decl":{"start":{"line":380,"column":16},"end":{"line":380,"column":30}},"loc":{"start":{"line":383,"column":57},"end":{"line":386,"column":1}}},"10":{"name":"addRecursiveStartListener","decl":{"start":{"line":397,"column":16},"end":{"line":397,"column":41}},"loc":{"start":{"line":399,"column":59},"end":{"line":410,"column":1}}},"11":{"name":"removeRecursiveStartListener","decl":{"start":{"line":428,"column":16},"end":{"line":428,"column":44}},"loc":{"start":{"line":430,"column":59},"end":{"line":441,"column":1}}},"12":{"name":"mergeDicts","decl":{"start":{"line":443,"column":9},"end":{"line":443,"column":19}},"loc":{"start":{"line":445,"column":27},"end":{"line":458,"column":1}}},"13":{"name":"boundAnimation","decl":{"start":{"line":478,"column":16},"end":{"line":478,"column":30}},"loc":{"start":{"line":480,"column":74},"end":{"line":510,"column":1}}},"14":{"name":"boundLocalAnimation","decl":{"start":{"line":512,"column":9},"end":{"line":512,"column":28}},"loc":{"start":{"line":513,"column":28},"end":{"line":530,"column":1}}},"15":{"name":"saveState","decl":{"start":{"line":532,"column":9},"end":{"line":532,"column":18}},"loc":{"start":{"line":534,"column":35},"end":{"line":539,"column":1}}},"16":{"name":"getLocalState","decl":{"start":{"line":557,"column":16},"end":{"line":557,"column":29}},"loc":{"start":{"line":558,"column":28},"end":{"line":569,"column":1}}},"17":{"name":"getStateTree","decl":{"start":{"line":582,"column":16},"end":{"line":582,"column":28}},"loc":{"start":{"line":583,"column":28},"end":{"line":592,"column":1}}},"18":{"name":"updateAnimation","decl":{"start":{"line":601,"column":16},"end":{"line":601,"column":31}},"loc":{"start":{"line":603,"column":12},"end":{"line":633,"column":1}}},"19":{"name":"(anonymous_20)","decl":{"start":{"line":687,"column":4},"end":{"line":687,"column":5}},"loc":{"start":{"line":687,"column":18},"end":{"line":687,"column":58}}},"20":{"name":"getLocalInterpingTo","decl":{"start":{"line":713,"column":16},"end":{"line":713,"column":35}},"loc":{"start":{"line":715,"column":28},"end":{"line":720,"column":1}}},"21":{"name":"getInterpingToTree","decl":{"start":{"line":733,"column":16},"end":{"line":733,"column":34}},"loc":{"start":{"line":735,"column":28},"end":{"line":749,"column":1}}}},"branchMap":{"0":{"loc":{"start":{"line":181,"column":9},"end":{"line":181,"column":67}},"type":"binary-expr","locations":[{"start":{"line":181,"column":9},"end":{"line":181,"column":25}},{"start":{"line":181,"column":29},"end":{"line":181,"column":67}}]},"1":{"loc":{"start":{"line":193,"column":6},"end":{"line":193,"column":80}},"type":"cond-expr","locations":[{"start":{"line":193,"column":30},"end":{"line":193,"column":68}},{"start":{"line":193,"column":71},"end":{"line":193,"column":80}}]},"2":{"loc":{"start":{"line":231,"column":4},"end":{"line":239,"column":5}},"type":"if","locations":[{"start":{"line":231,"column":4},"end":{"line":239,"column":5}},{"start":{"line":233,"column":11},"end":{"line":239,"column":5}}]},"3":{"loc":{"start":{"line":263,"column":53},"end":{"line":266,"column":null}},"type":"binary-expr","locations":[{"start":{"line":263,"column":53},"end":{"line":263,"column":59}},{"start":{"line":263,"column":63},"end":{"line":266,"column":null}}]},"4":{"loc":{"start":{"line":268,"column":4},"end":{"line":268,"column":21}},"type":"binary-expr","locations":[{"start":{"line":268,"column":4},"end":{"line":268,"column":15}},{"start":{"line":268,"column":19},"end":{"line":268,"column":21}}]},"5":{"loc":{"start":{"line":271,"column":4},"end":{"line":271,"column":21}},"type":"binary-expr","locations":[{"start":{"line":271,"column":4},"end":{"line":271,"column":15}},{"start":{"line":271,"column":19},"end":{"line":271,"column":21}}]},"6":{"loc":{"start":{"line":317,"column":4},"end":{"line":317,"column":28}},"type":"if","locations":[{"start":{"line":317,"column":4},"end":{"line":317,"column":28}}]},"7":{"loc":{"start":{"line":320,"column":2},"end":{"line":320,"column":47}},"type":"if","locations":[{"start":{"line":320,"column":2},"end":{"line":320,"column":47}}]},"8":{"loc":{"start":{"line":322,"column":2},"end":{"line":326,"column":3}},"type":"if","locations":[{"start":{"line":322,"column":2},"end":{"line":326,"column":3}}]},"9":{"loc":{"start":{"line":449,"column":2},"end":{"line":453,"column":3}},"type":"if","locations":[{"start":{"line":449,"column":2},"end":{"line":453,"column":3}}]},"10":{"loc":{"start":{"line":482,"column":53},"end":{"line":485,"column":null}},"type":"binary-expr","locations":[{"start":{"line":482,"column":53},"end":{"line":482,"column":59}},{"start":{"line":482,"column":63},"end":{"line":485,"column":null}}]},"11":{"loc":{"start":{"line":487,"column":4},"end":{"line":487,"column":21}},"type":"binary-expr","locations":[{"start":{"line":487,"column":4},"end":{"line":487,"column":15}},{"start":{"line":487,"column":19},"end":{"line":487,"column":21}}]},"12":{"loc":{"start":{"line":490,"column":4},"end":{"line":490,"column":21}},"type":"binary-expr","locations":[{"start":{"line":490,"column":4},"end":{"line":490,"column":15}},{"start":{"line":490,"column":19},"end":{"line":490,"column":21}}]},"13":{"loc":{"start":{"line":522,"column":4},"end":{"line":528,"column":5}},"type":"if","locations":[{"start":{"line":522,"column":4},"end":{"line":528,"column":5}}]},"14":{"loc":{"start":{"line":560,"column":2},"end":{"line":562,"column":3}},"type":"if","locations":[{"start":{"line":560,"column":2},"end":{"line":562,"column":3}}]},"15":{"loc":{"start":{"line":605,"column":2},"end":{"line":605,"column":null}},"type":"if","locations":[{"start":{"line":605,"column":2},"end":{"line":605,"column":null}}]},"16":{"loc":{"start":{"line":616,"column":4},"end":{"line":618,"column":5}},"type":"if","locations":[{"start":{"line":616,"column":4},"end":{"line":618,"column":5}}]},"17":{"loc":{"start":{"line":620,"column":2},"end":{"line":631,"column":3}},"type":"if","locations":[{"start":{"line":620,"column":2},"end":{"line":631,"column":3}}]},"18":{"loc":{"start":{"line":620,"column":6},"end":{"line":620,"column":22}},"type":"binary-expr","locations":[{"start":{"line":620,"column":6},"end":{"line":620,"column":10}},{"start":{"line":620,"column":14},"end":{"line":620,"column":22}}]},"19":{"loc":{"start":{"line":628,"column":4},"end":{"line":630,"column":5}},"type":"if","locations":[{"start":{"line":628,"column":4},"end":{"line":630,"column":5}}]},"20":{"loc":{"start":{"line":676,"column":2},"end":{"line":676,"column":37}},"type":"default-arg","locations":[{"start":{"line":676,"column":35},"end":{"line":676,"column":37}}]},"21":{"loc":{"start":{"line":716,"column":2},"end":{"line":718,"column":3}},"type":"if","locations":[{"start":{"line":716,"column":2},"end":{"line":718,"column":3}}]}},"s":{"0":4,"1":4,"2":8161100,"3":7924125,"4":4,"5":2879028,"6":2879028,"7":5758054,"8":5758054,"9":2879028,"10":8110,"11":3036,"12":3036,"13":3036,"14":12196,"15":12196,"16":12196,"17":12164,"18":12164,"19":8114,"20":4050,"21":12196,"22":3036,"23":3036,"24":3036,"25":3036,"26":3036,"27":3036,"28":3036,"29":2020,"30":2020,"31":3036,"32":4,"33":3050,"34":3050,"35":2021,"36":2021,"37":1,"38":2020,"39":3050,"40":1015,"41":2035,"42":2035,"43":6,"44":6,"45":6,"46":2035,"47":2035,"48":2035,"49":2035,"50":2035,"51":4,"52":1,"53":4,"54":1,"55":4,"56":2,"57":1,"58":2,"59":4,"60":2,"61":1,"62":2,"63":4,"64":2075,"65":2075,"66":2075,"67":4080,"68":2075,"69":4071,"70":2075,"71":19,"72":19,"73":19,"74":19,"75":19,"76":19,"77":10,"78":10,"79":19,"80":4,"81":2047,"82":2047,"83":2047,"84":4084,"85":4084,"86":4084,"87":4084,"88":4084,"89":8,"90":8,"91":2038,"92":2038,"93":2038,"94":3126102,"95":247074,"96":2879028,"97":2879028,"98":4,"99":726081,"100":726081,"101":484046,"102":726081,"103":4,"104":7922097,"105":0,"106":7922097,"107":7922097,"108":7922097,"109":5280029,"110":5278011,"111":7922097,"112":2028,"113":2028,"114":2028,"115":2028,"116":2028,"117":2026,"118":7922097,"119":4,"120":4,"121":4,"122":4,"123":4,"124":4,"125":4,"126":4,"127":4,"128":4,"129":4,"130":2,"131":4,"132":2055,"133":2052,"134":3,"135":4,"136":4,"137":4,"138":2,"139":4,"140":4},"f":{"0":8161100,"1":7924125,"2":2879028,"3":8110,"4":3036,"5":12196,"6":3036,"7":3050,"8":1,"9":1,"10":2,"11":2,"12":2075,"13":19,"14":2047,"15":2038,"16":3126102,"17":726081,"18":7922097,"19":4,"20":2055,"21":4},"b":{"0":[7924125,5282072],"1":[5758049,5],"2":[8114,4050],"3":[3036,1015],"4":[3036,3034],"5":[3036,3034],"6":[1],"7":[1015],"8":[6],"9":[2075],"10":[19,1],"11":[19,7],"12":[19,17],"13":[8],"14":[247074],"15":[0],"16":[5278011],"17":[2028],"18":[7922097,3046],"19":[2026],"20":[1],"21":[2052]}}
,"/Users/zephyrjones/Documents/programming/aninest/src/Animate/Interp.ts": {"path":"/Users/zephyrjones/Documents/programming/aninest/src/Animate/Interp.ts","statementMap":{"0":{"start":{"line":6,"column":0},"end":{"line":6,"column":49}},"1":{"start":{"line":20,"column":25},"end":{"line":20,"column":42}},"2":{"start":{"line":20,"column":41},"end":{"line":20,"column":42}},"3":{"start":{"line":20,"column":13},"end":{"line":20,"column":25}},"4":{"start":{"line":23,"column":2},"end":{"line":23,"column":null}},"5":{"start":{"line":30,"column":2},"end":{"line":30,"column":null}},"6":{"start":{"line":30,"column":21},"end":{"line":30,"column":null}},"7":{"start":{"line":31,"column":2},"end":{"line":31,"column":null}},"8":{"start":{"line":31,"column":14},"end":{"line":31,"column":26}},"9":{"start":{"line":29,"column":0},"end":{"line":29,"column":16}},"10":{"start":{"line":38,"column":2},"end":{"line":38,"column":null}},"11":{"start":{"line":38,"column":21},"end":{"line":38,"column":null}},"12":{"start":{"line":39,"column":2},"end":{"line":39,"column":null}},"13":{"start":{"line":39,"column":14},"end":{"line":39,"column":64}},"14":{"start":{"line":37,"column":0},"end":{"line":37,"column":16}},"15":{"start":{"line":55,"column":2},"end":{"line":55,"column":null}},"16":{"start":{"line":66,"column":2},"end":{"line":66,"column":null}},"17":{"start":{"line":66,"column":21},"end":{"line":66,"column":null}},"18":{"start":{"line":67,"column":2},"end":{"line":67,"column":null}},"19":{"start":{"line":67,"column":14},"end":{"line":67,"column":59}},"20":{"start":{"line":61,"column":0},"end":{"line":61,"column":16}}},"fnMap":{"0":{"name":"(anonymous_0)","decl":{"start":{"line":20,"column":25},"end":{"line":20,"column":26}},"loc":{"start":{"line":20,"column":41},"end":{"line":20,"column":42}}},"1":{"name":"getProgress","decl":{"start":{"line":22,"column":9},"end":{"line":22,"column":20}},"loc":{"start":{"line":22,"column":48},"end":{"line":24,"column":1}}},"2":{"name":"getLinearInterp","decl":{"start":{"line":29,"column":16},"end":{"line":29,"column":31}},"loc":{"start":{"line":29,"column":48},"end":{"line":32,"column":1}}},"3":{"name":"(anonymous_3)","decl":{"start":{"line":31,"column":9},"end":{"line":31,"column":10}},"loc":{"start":{"line":31,"column":14},"end":{"line":31,"column":26}}},"4":{"name":"getSlerp","decl":{"start":{"line":37,"column":16},"end":{"line":37,"column":24}},"loc":{"start":{"line":37,"column":41},"end":{"line":40,"column":1}}},"5":{"name":"(anonymous_5)","decl":{"start":{"line":39,"column":9},"end":{"line":39,"column":10}},"loc":{"start":{"line":39,"column":14},"end":{"line":39,"column":64}}},"6":{"name":"cubicBezier","decl":{"start":{"line":54,"column":9},"end":{"line":54,"column":20}},"loc":{"start":{"line":54,"column":61},"end":{"line":56,"column":1}}},"7":{"name":"getCubicBezier","decl":{"start":{"line":61,"column":16},"end":{"line":61,"column":30}},"loc":{"start":{"line":64,"column":12},"end":{"line":68,"column":1}}},"8":{"name":"(anonymous_8)","decl":{"start":{"line":67,"column":9},"end":{"line":67,"column":10}},"loc":{"start":{"line":67,"column":14},"end":{"line":67,"column":59}}}},"branchMap":{"0":{"loc":{"start":{"line":30,"column":2},"end":{"line":30,"column":null}},"type":"if","locations":[{"start":{"line":30,"column":2},"end":{"line":30,"column":null}}]},"1":{"loc":{"start":{"line":38,"column":2},"end":{"line":38,"column":null}},"type":"if","locations":[{"start":{"line":38,"column":2},"end":{"line":38,"column":null}}]},"2":{"loc":{"start":{"line":66,"column":2},"end":{"line":66,"column":null}},"type":"if","locations":[{"start":{"line":66,"column":2},"end":{"line":66,"column":null}}]}},"s":{"0":4,"1":4,"2":13,"3":4,"4":0,"5":1012,"6":0,"7":1012,"8":8161087,"9":4,"10":0,"11":0,"12":0,"13":0,"14":4,"15":0,"16":0,"17":0,"18":0,"19":0,"20":4},"f":{"0":13,"1":0,"2":1012,"3":8161087,"4":0,"5":0,"6":0,"7":0,"8":0},"b":{"0":[0],"1":[0],"2":[0]}}
,"/Users/zephyrjones/Documents/programming/aninest/src/Animate/index.ts": {"path":"/Users/zephyrjones/Documents/programming/aninest/src/Animate/index.ts","statementMap":{"0":{"start":{"line":3,"column":0},"end":{"line":3,"column":28}},"1":{"start":{"line":5,"column":0},"end":{"line":5,"column":24}}},"fnMap":{},"branchMap":{},"s":{"0":4,"1":4},"f":{},"b":{}}
,"/Users/zephyrjones/Documents/programming/aninest/src/Utils/index.ts": {"path":"/Users/zephyrjones/Documents/programming/aninest/src/Utils/index.ts","statementMap":{"0":{"start":{"line":1,"column":0},"end":{"line":1,"column":23}},"1":{"start":{"line":2,"column":0},"end":{"line":2,"column":22}}},"fnMap":{},"branchMap":{},"s":{"0":4,"1":4},"f":{},"b":{}}
,"/Users/zephyrjones/Documents/programming/aninest/src/Utils/sleep.ts": {"path":"/Users/zephyrjones/Documents/programming/aninest/src/Utils/sleep.ts","statementMap":{"0":{"start":{"line":9,"column":21},"end":{"line":10,"column":67}},"1":{"start":{"line":10,"column":2},"end":{"line":10,"column":67}},"2":{"start":{"line":10,"column":31},"end":{"line":10,"column":66}},"3":{"start":{"line":9,"column":13},"end":{"line":9,"column":21}}},"fnMap":{"0":{"name":"(anonymous_0)","decl":{"start":{"line":9,"column":21},"end":{"line":9,"column":26}},"loc":{"start":{"line":10,"column":2},"end":{"line":10,"column":67}}},"1":{"name":"(anonymous_1)","decl":{"start":{"line":10,"column":20},"end":{"line":10,"column":27}},"loc":{"start":{"line":10,"column":31},"end":{"line":10,"column":66}}}},"branchMap":{},"s":{"0":4,"1":0,"2":0,"3":4},"f":{"0":0,"1":0},"b":{}}
,"/Users/zephyrjones/Documents/programming/aninest/src/Utils/vec2.ts": {"path":"/Users/zephyrjones/Documents/programming/aninest/src/Utils/vec2.ts","statementMap":{"0":{"start":{"line":15,"column":24},"end":{"line":15,"column":76}},"1":{"start":{"line":15,"column":61},"end":{"line":15,"column":76}},"2":{"start":{"line":15,"column":13},"end":{"line":15,"column":24}},"3":{"start":{"line":16,"column":26},"end":{"line":30,"column":1}},"4":{"start":{"line":24,"column":13},"end":{"line":24,"column":35}},"5":{"start":{"line":25,"column":13},"end":{"line":25,"column":32}},"6":{"start":{"line":26,"column":13},"end":{"line":26,"column":33}},"7":{"start":{"line":27,"column":15},"end":{"line":27,"column":34}},"8":{"start":{"line":28,"column":15},"end":{"line":28,"column":34}},"9":{"start":{"line":29,"column":2},"end":{"line":29,"column":null}},"10":{"start":{"line":16,"column":13},"end":{"line":16,"column":26}},"11":{"start":{"line":40,"column":13},"end":{"line":40,"column":null}},"12":{"start":{"line":49,"column":21},"end":{"line":62,"column":1}},"13":{"start":{"line":54,"column":12},"end":{"line":54,"column":13}},"14":{"start":{"line":55,"column":2},"end":{"line":57,"column":3}},"15":{"start":{"line":56,"column":4},"end":{"line":56,"column":null}},"16":{"start":{"line":58,"column":2},"end":{"line":60,"column":3}},"17":{"start":{"line":59,"column":4},"end":{"line":59,"column":null}},"18":{"start":{"line":61,"column":2},"end":{"line":61,"column":null}},"19":{"start":{"line":49,"column":13},"end":{"line":49,"column":21}},"20":{"start":{"line":67,"column":23},"end":{"line":67,"column":59}},"21":{"start":{"line":67,"column":50},"end":{"line":67,"column":58}},"22":{"start":{"line":67,"column":13},"end":{"line":67,"column":23}},"23":{"start":{"line":72,"column":22},"end":{"line":72,"column":79}},"24":{"start":{"line":72,"column":46},"end":{"line":72,"column":79}},"25":{"start":{"line":72,"column":13},"end":{"line":72,"column":22}},"26":{"start":{"line":78,"column":22},"end":{"line":78,"column":79}},"27":{"start":{"line":78,"column":46},"end":{"line":78,"column":79}},"28":{"start":{"line":78,"column":13},"end":{"line":78,"column":22}},"29":{"start":{"line":84,"column":22},"end":{"line":84,"column":79}},"30":{"start":{"line":84,"column":46},"end":{"line":84,"column":79}},"31":{"start":{"line":84,"column":13},"end":{"line":84,"column":22}},"32":{"start":{"line":92,"column":25},"end":{"line":92,"column":74}},"33":{"start":{"line":92,"column":49},"end":{"line":92,"column":74}},"34":{"start":{"line":92,"column":13},"end":{"line":92,"column":25}},"35":{"start":{"line":100,"column":22},"end":{"line":100,"column":79}},"36":{"start":{"line":100,"column":46},"end":{"line":100,"column":79}},"37":{"start":{"line":100,"column":13},"end":{"line":100,"column":22}},"38":{"start":{"line":107,"column":19},"end":{"line":107,"column":56}},"39":{"start":{"line":107,"column":32},"end":{"line":107,"column":56}},"40":{"start":{"line":107,"column":13},"end":{"line":107,"column":19}},"41":{"start":{"line":115,"column":25},"end":{"line":115,"column":57}},"42":{"start":{"line":115,"column":38},"end":{"line":115,"column":57}},"43":{"start":{"line":115,"column":13},"end":{"line":115,"column":25}},"44":{"start":{"line":122,"column":26},"end":{"line":122,"column":60}},"45":{"start":{"line":122,"column":39},"end":{"line":122,"column":60}},"46":{"start":{"line":122,"column":13},"end":{"line":122,"column":26}},"47":{"start":{"line":129,"column":25},"end":{"line":129,"column":58}},"48":{"start":{"line":129,"column":38},"end":{"line":129,"column":58}},"49":{"start":{"line":129,"column":13},"end":{"line":129,"column":25}},"50":{"start":{"line":137,"column":25},"end":{"line":137,"column":74}},"51":{"start":{"line":137,"column":49},"end":{"line":137,"column":74}},"52":{"start":{"line":137,"column":13},"end":{"line":137,"column":25}},"53":{"start":{"line":145,"column":19},"end":{"line":145,"column":68}},"54":{"start":{"line":145,"column":43},"end":{"line":145,"column":68}},"55":{"start":{"line":145,"column":13},"end":{"line":145,"column":19}},"56":{"start":{"line":153,"column":21},"end":{"line":153,"column":70}},"57":{"start":{"line":153,"column":45},"end":{"line":153,"column":70}},"58":{"start":{"line":153,"column":13},"end":{"line":153,"column":21}},"59":{"start":{"line":161,"column":22},"end":{"line":165,"column":1}},"60":{"start":{"line":162,"column":12},"end":{"line":162,"column":27}},"61":{"start":{"line":163,"column":12},"end":{"line":163,"column":27}},"62":{"start":{"line":164,"column":2},"end":{"line":164,"column":null}},"63":{"start":{"line":161,"column":13},"end":{"line":161,"column":22}},"64":{"start":{"line":174,"column":28},"end":{"line":180,"column":1}},"65":{"start":{"line":175,"column":12},"end":{"line":175,"column":27}},"66":{"start":{"line":176,"column":12},"end":{"line":176,"column":27}},"67":{"start":{"line":177,"column":12},"end":{"line":177,"column":25}},"68":{"start":{"line":178,"column":12},"end":{"line":178,"column":25}},"69":{"start":{"line":179,"column":2},"end":{"line":179,"column":null}},"70":{"start":{"line":174,"column":13},"end":{"line":174,"column":28}},"71":{"start":{"line":187,"column":20},"end":{"line":187,"column":50}},"72":{"start":{"line":187,"column":33},"end":{"line":187,"column":50}},"73":{"start":{"line":187,"column":13},"end":{"line":187,"column":20}},"74":{"start":{"line":195,"column":26},"end":{"line":195,"column":80}},"75":{"start":{"line":195,"column":50},"end":{"line":195,"column":80}},"76":{"start":{"line":195,"column":13},"end":{"line":195,"column":26}},"77":{"start":{"line":200,"column":27},"end":{"line":201,"column":53}},"78":{"start":{"line":201,"column":2},"end":{"line":201,"column":53}},"79":{"start":{"line":200,"column":13},"end":{"line":200,"column":27}},"80":{"start":{"line":210,"column":22},"end":{"line":211,"column":31}},"81":{"start":{"line":211,"column":2},"end":{"line":211,"column":31}},"82":{"start":{"line":210,"column":13},"end":{"line":210,"column":22}},"83":{"start":{"line":220,"column":20},"end":{"line":221,"column":65}},"84":{"start":{"line":221,"column":2},"end":{"line":221,"column":65}},"85":{"start":{"line":220,"column":13},"end":{"line":220,"column":20}},"86":{"start":{"line":232,"column":22},"end":{"line":244,"column":1}},"87":{"start":{"line":240,"column":2},"end":{"line":243,"column":null}},"88":{"start":{"line":232,"column":13},"end":{"line":232,"column":22}}},"fnMap":{"0":{"name":"(anonymous_0)","decl":{"start":{"line":15,"column":24},"end":{"line":15,"column":25}},"loc":{"start":{"line":15,"column":61},"end":{"line":15,"column":76}}},"1":{"name":"(anonymous_1)","decl":{"start":{"line":16,"column":26},"end":{"line":16,"column":null}},"loc":{"start":{"line":22,"column":4},"end":{"line":30,"column":1}}},"2":{"name":"(anonymous_2)","decl":{"start":{"line":49,"column":21},"end":{"line":49,"column":null}},"loc":{"start":{"line":53,"column":4},"end":{"line":62,"column":1}}},"3":{"name":"(anonymous_3)","decl":{"start":{"line":67,"column":23},"end":{"line":67,"column":24}},"loc":{"start":{"line":67,"column":50},"end":{"line":67,"column":58}}},"4":{"name":"(anonymous_4)","decl":{"start":{"line":72,"column":22},"end":{"line":72,"column":23}},"loc":{"start":{"line":72,"column":46},"end":{"line":72,"column":79}}},"5":{"name":"(anonymous_5)","decl":{"start":{"line":78,"column":22},"end":{"line":78,"column":23}},"loc":{"start":{"line":78,"column":46},"end":{"line":78,"column":79}}},"6":{"name":"(anonymous_6)","decl":{"start":{"line":84,"column":22},"end":{"line":84,"column":23}},"loc":{"start":{"line":84,"column":46},"end":{"line":84,"column":79}}},"7":{"name":"(anonymous_7)","decl":{"start":{"line":92,"column":25},"end":{"line":92,"column":26}},"loc":{"start":{"line":92,"column":49},"end":{"line":92,"column":74}}},"8":{"name":"(anonymous_8)","decl":{"start":{"line":100,"column":22},"end":{"line":100,"column":23}},"loc":{"start":{"line":100,"column":46},"end":{"line":100,"column":79}}},"9":{"name":"(anonymous_9)","decl":{"start":{"line":107,"column":19},"end":{"line":107,"column":20}},"loc":{"start":{"line":107,"column":32},"end":{"line":107,"column":56}}},"10":{"name":"(anonymous_10)","decl":{"start":{"line":115,"column":25},"end":{"line":115,"column":26}},"loc":{"start":{"line":115,"column":38},"end":{"line":115,"column":57}}},"11":{"name":"(anonymous_11)","decl":{"start":{"line":122,"column":26},"end":{"line":122,"column":27}},"loc":{"start":{"line":122,"column":39},"end":{"line":122,"column":60}}},"12":{"name":"(anonymous_12)","decl":{"start":{"line":129,"column":25},"end":{"line":129,"column":26}},"loc":{"start":{"line":129,"column":38},"end":{"line":129,"column":58}}},"13":{"name":"(anonymous_13)","decl":{"start":{"line":137,"column":25},"end":{"line":137,"column":26}},"loc":{"start":{"line":137,"column":49},"end":{"line":137,"column":74}}},"14":{"name":"(anonymous_14)","decl":{"start":{"line":145,"column":19},"end":{"line":145,"column":20}},"loc":{"start":{"line":145,"column":43},"end":{"line":145,"column":68}}},"15":{"name":"(anonymous_15)","decl":{"start":{"line":153,"column":21},"end":{"line":153,"column":22}},"loc":{"start":{"line":153,"column":45},"end":{"line":153,"column":70}}},"16":{"name":"(anonymous_16)","decl":{"start":{"line":161,"column":22},"end":{"line":161,"column":23}},"loc":{"start":{"line":161,"column":49},"end":{"line":165,"column":1}}},"17":{"name":"(anonymous_17)","decl":{"start":{"line":174,"column":28},"end":{"line":174,"column":29}},"loc":{"start":{"line":174,"column":68},"end":{"line":180,"column":1}}},"18":{"name":"(anonymous_18)","decl":{"start":{"line":187,"column":20},"end":{"line":187,"column":21}},"loc":{"start":{"line":187,"column":33},"end":{"line":187,"column":50}}},"19":{"name":"(anonymous_19)","decl":{"start":{"line":195,"column":26},"end":{"line":195,"column":27}},"loc":{"start":{"line":195,"column":50},"end":{"line":195,"column":80}}},"20":{"name":"(anonymous_20)","decl":{"start":{"line":200,"column":27},"end":{"line":200,"column":28}},"loc":{"start":{"line":201,"column":2},"end":{"line":201,"column":53}}},"21":{"name":"(anonymous_21)","decl":{"start":{"line":210,"column":22},"end":{"line":210,"column":23}},"loc":{"start":{"line":211,"column":2},"end":{"line":211,"column":31}}},"22":{"name":"(anonymous_22)","decl":{"start":{"line":220,"column":20},"end":{"line":220,"column":21}},"loc":{"start":{"line":221,"column":2},"end":{"line":221,"column":65}}},"23":{"name":"(anonymous_23)","decl":{"start":{"line":232,"column":22},"end":{"line":232,"column":null}},"loc":{"start":{"line":238,"column":4},"end":{"line":244,"column":1}}}},"branchMap":{"0":{"loc":{"start":{"line":55,"column":2},"end":{"line":57,"column":3}},"type":"if","locations":[{"start":{"line":55,"column":2},"end":{"line":57,"column":3}}]},"1":{"loc":{"start":{"line":58,"column":2},"end":{"line":60,"column":3}},"type":"if","locations":[{"start":{"line":58,"column":2},"end":{"line":60,"column":3}}]}},"s":{"0":4,"1":5758049,"2":4,"3":4,"4":0,"5":0,"6":0,"7":0,"8":0,"9":0,"10":4,"11":4,"12":4,"13":8165184,"14":8165184,"15":8161108,"16":8165184,"17":8161123,"18":8165184,"19":4,"20":4,"21":4034,"22":4,"23":4,"24":0,"25":4,"26":4,"27":0,"28":4,"29":4,"30":0,"31":4,"32":4,"33":0,"34":4,"35":4,"36":0,"37":4,"38":4,"39":0,"40":4,"41":4,"42":0,"43":4,"44":4,"45":0,"46":4,"47":4,"48":0,"49":4,"50":4,"51":0,"52":4,"53":4,"54":0,"55":4,"56":4,"57":0,"58":4,"59":4,"60":0,"61":0,"62":0,"63":4,"64":4,"65":0,"66":0,"67":0,"68":0,"69":0,"70":4,"71":4,"72":0,"73":4,"74":4,"75":0,"76":4,"77":4,"78":0,"79":4,"80":4,"81":0,"82":4,"83":4,"84":0,"85":4,"86":4,"87":0,"88":4},"f":{"0":5758049,"1":0,"2":8165184,"3":4034,"4":0,"5":0,"6":0,"7":0,"8":0,"9":0,"10":0,"11":0,"12":0,"13":0,"14":0,"15":0,"16":0,"17":0,"18":0,"19":0,"20":0,"21":0,"22":0,"23":0},"b":{"0":[8161108],"1":[8161123]}}
}
