TN:
SF:src/Listeners.ts
FN:32,broadcast
FNF:1
FNH:1
FNDA:6114,broadcast
DA:32,4
DA:33,6114
DA:34,3
DA:35,0
LF:4
LH:3
BRDA:34,0,0,0
BRF:1
BRH:0
end_of_record
TN:
SF:src/index.ts
FNF:0
FNH:0
DA:1,4
DA:3,4
LF:2
LH:2
BRF:0
BRH:0
end_of_record
TN:
SF:src/Animate/Animatable.ts
FN:168,getProgress
FN:178,animationNeedsUpdate
FN:184,lerpAnimatable
FN:199,copyObject
FN:203,createLocalAnimation
FN:224,separateChildren
FN:257,createAnimation
FN:307,modifyTo
FN:352,addLocalListener
FN:380,removeListener
FN:397,addRecursiveStartListener
FN:428,removeRecursiveStartListener
FN:443,mergeDicts
FN:478,boundAnimation
FN:512,boundLocalAnimation
FN:532,saveState
FN:557,getLocalState
FN:582,getStateTree
FN:601,updateAnimation
FN:687,(anonymous_20)
FN:713,getLocalInterpingTo
FN:733,getInterpingToTree
FNF:22
FNH:22
FNDA:8161100,getProgress
FNDA:7924125,animationNeedsUpdate
FNDA:2879028,lerpAnimatable
FNDA:8110,copyObject
FNDA:3036,createLocalAnimation
FNDA:12196,separateChildren
FNDA:3036,createAnimation
FNDA:3050,modifyTo
FNDA:1,addLocalListener
FNDA:1,removeListener
FNDA:2,addRecursiveStartListener
FNDA:2,removeRecursiveStartListener
FNDA:2075,mergeDicts
FNDA:19,boundAnimation
FNDA:2047,boundLocalAnimation
FNDA:2038,saveState
FNDA:3126102,getLocalState
FNDA:726081,getStateTree
FNDA:7922097,updateAnimation
FNDA:4,(anonymous_20)
FNDA:2055,getLocalInterpingTo
FNDA:4,getInterpingToTree
DA:6,4
DA:7,4
DA:169,8161100
DA:178,4
DA:181,7924125
DA:189,2879028
DA:190,2879028
DA:191,5758054
DA:192,5758054
DA:196,2879028
DA:200,8110
DA:208,3036
DA:209,3036
DA:210,3036
DA:227,12196
DA:228,12196
DA:229,12196
DA:230,12164
DA:231,12164
DA:232,8114
DA:234,4050
DA:241,12196
DA:257,4
DA:262,3036
DA:263,3036
DA:267,3036
DA:270,3036
DA:273,3036
DA:278,3036
DA:279,3036
DA:280,2020
DA:284,2020
DA:292,3036
DA:307,4
DA:311,3050
DA:315,3050
DA:316,2021
DA:317,2021
DA:318,2020
DA:320,3050
DA:321,2035
DA:322,2035
DA:323,6
DA:324,6
DA:325,6
DA:327,2035
DA:328,2035
DA:329,2035
DA:330,2035
DA:331,2035
DA:352,4
DA:359,1
DA:380,4
DA:385,1
DA:397,4
DA:400,2
DA:407,1
DA:409,2
DA:428,4
DA:431,2
DA:438,1
DA:440,2
DA:448,2075
DA:449,2075
DA:450,2075
DA:451,4080
DA:454,2075
DA:455,4071
DA:457,2075
DA:478,4
DA:482,19
DA:486,19
DA:489,19
DA:493,19
DA:497,19
DA:498,19
DA:499,10
DA:503,10
DA:509,19
DA:515,2047
DA:516,2047
DA:517,2047
DA:518,4084
DA:519,4084
DA:520,4084
DA:521,4084
DA:522,4084
DA:523,8
DA:527,8
DA:536,2038
DA:537,2038
DA:538,2038
DA:557,4
DA:560,3126102
DA:561,247074
DA:563,2879028
DA:564,2879028
DA:582,4
DA:585,726081
DA:586,726081
DA:587,484046
DA:591,726081
DA:601,4
DA:605,7922097
DA:606,7922097
DA:607,7922097
DA:609,7922097
DA:616,5280029
DA:617,5278011
DA:620,7922097
DA:621,2028
DA:622,2028
DA:623,2028
DA:627,2028
DA:628,2028
DA:629,2026
DA:632,7922097
DA:671,4
DA:678,4
DA:679,4
DA:680,4
DA:681,4
DA:682,4
DA:683,4
DA:684,4
DA:686,4
DA:687,4
DA:689,4
DA:690,2
DA:713,4
DA:716,2055
DA:717,2052
DA:719,3
DA:733,4
DA:736,4
DA:737,4
DA:744,2
DA:748,4
LF:138
LH:138
BRDA:181,0,0,7924125
BRDA:181,0,1,5282072
BRDA:193,1,0,5758049
BRDA:193,1,1,5
BRDA:231,2,0,8114
BRDA:231,2,1,4050
BRDA:263,3,0,3036
BRDA:263,3,1,1015
BRDA:268,4,0,3036
BRDA:268,4,1,3034
BRDA:271,5,0,3036
BRDA:271,5,1,3034
BRDA:317,6,0,1
BRDA:320,7,0,1015
BRDA:322,8,0,6
BRDA:449,9,0,2075
BRDA:482,10,0,19
BRDA:482,10,1,1
BRDA:487,11,0,19
BRDA:487,11,1,7
BRDA:490,12,0,19
BRDA:490,12,1,17
BRDA:522,13,0,8
BRDA:560,14,0,247074
BRDA:605,15,0,0
BRDA:616,16,0,5278011
BRDA:620,17,0,2028
BRDA:620,18,0,7922097
BRDA:620,18,1,3046
BRDA:628,19,0,2026
BRDA:676,20,0,1
BRDA:716,21,0,2052
BRF:32
BRH:31
end_of_record
TN:
SF:src/Animate/Interp.ts
FN:20,(anonymous_0)
FN:22,getProgress
FN:29,getLinearInterp
FN:31,(anonymous_3)
FN:37,getSlerp
FN:39,(anonymous_5)
FN:54,cubicBezier
FN:61,getCubicBezier
FN:67,(anonymous_8)
FNF:9
FNH:3
FNDA:13,(anonymous_0)
FNDA:0,getProgress
FNDA:1012,getLinearInterp
FNDA:8161087,(anonymous_3)
FNDA:0,getSlerp
FNDA:0,(anonymous_5)
FNDA:0,cubicBezier
FNDA:0,getCubicBezier
FNDA:0,(anonymous_8)
DA:6,4
DA:20,13
DA:23,0
DA:29,4
DA:30,1012
DA:31,8161087
DA:37,4
DA:38,0
DA:39,0
DA:55,0
DA:61,4
DA:66,0
DA:67,0
LF:13
LH:7
BRDA:30,0,0,0
BRDA:38,1,0,0
BRDA:66,2,0,0
BRF:3
BRH:0
end_of_record
TN:
SF:src/Animate/index.ts
FNF:0
FNH:0
DA:3,4
DA:5,4
LF:2
LH:2
BRF:0
BRH:0
end_of_record
TN:
SF:src/Utils/index.ts
FNF:0
FNH:0
DA:1,4
DA:2,4
LF:2
LH:2
BRF:0
BRH:0
end_of_record
TN:
SF:src/Utils/sleep.ts
FN:9,(anonymous_0)
FN:10,(anonymous_1)
FNF:2
FNH:0
FNDA:0,(anonymous_0)
FNDA:0,(anonymous_1)
DA:9,4
DA:10,0
LF:2
LH:1
BRF:0
BRH:0
end_of_record
TN:
SF:src/Utils/vec2.ts
FN:15,(anonymous_0)
FN:16,(anonymous_1)
FN:49,(anonymous_2)
FN:67,(anonymous_3)
FN:72,(anonymous_4)
FN:78,(anonymous_5)
FN:84,(anonymous_6)
FN:92,(anonymous_7)
FN:100,(anonymous_8)
FN:107,(anonymous_9)
FN:115,(anonymous_10)
FN:122,(anonymous_11)
FN:129,(anonymous_12)
FN:137,(anonymous_13)
FN:145,(anonymous_14)
FN:153,(anonymous_15)
FN:161,(anonymous_16)
FN:174,(anonymous_17)
FN:187,(anonymous_18)
FN:195,(anonymous_19)
FN:200,(anonymous_20)
FN:210,(anonymous_21)
FN:220,(anonymous_22)
FN:232,(anonymous_23)
FNF:24
FNH:3
FNDA:5758049,(anonymous_0)
FNDA:0,(anonymous_1)
FNDA:8165184,(anonymous_2)
FNDA:4034,(anonymous_3)
FNDA:0,(anonymous_4)
FNDA:0,(anonymous_5)
FNDA:0,(anonymous_6)
FNDA:0,(anonymous_7)
FNDA:0,(anonymous_8)
FNDA:0,(anonymous_9)
FNDA:0,(anonymous_10)
FNDA:0,(anonymous_11)
FNDA:0,(anonymous_12)
FNDA:0,(anonymous_13)
FNDA:0,(anonymous_14)
FNDA:0,(anonymous_15)
FNDA:0,(anonymous_16)
FNDA:0,(anonymous_17)
FNDA:0,(anonymous_18)
FNDA:0,(anonymous_19)
FNDA:0,(anonymous_20)
FNDA:0,(anonymous_21)
FNDA:0,(anonymous_22)
FNDA:0,(anonymous_23)
DA:15,5758049
DA:16,4
DA:24,0
DA:25,0
DA:26,0
DA:27,0
DA:28,0
DA:29,0
DA:40,4
DA:49,4
DA:54,8165184
DA:55,8165184
DA:56,8161108
DA:58,8165184
DA:59,8161123
DA:61,8165184
DA:67,4034
DA:72,4
DA:78,4
DA:84,4
DA:92,4
DA:100,4
DA:107,4
DA:115,4
DA:122,4
DA:129,4
DA:137,4
DA:145,4
DA:153,4
DA:161,4
DA:162,0
DA:163,0
DA:164,0
DA:174,4
DA:175,0
DA:176,0
DA:177,0
DA:178,0
DA:179,0
DA:187,4
DA:195,4
DA:200,4
DA:201,0
DA:210,4
DA:211,0
DA:220,4
DA:221,0
DA:232,4
DA:240,0
LF:49
LH:31
BRDA:55,0,0,8161108
BRDA:58,1,0,8161123
BRF:2
BRH:2
end_of_record
