TN:
SF:src/Listeners.ts
FN:37,broadcast
FNF:1
FNH:1
FNDA:5770623,broadcast
DA:37,8
DA:42,5770623
DA:43,2884347
DA:44,1
DA:45,1
DA:46,0
LF:6
LH:5
BRDA:43,0,0,1
BRDA:45,1,0,0
BRF:2
BRH:1
end_of_record
TN:
SF:src/index.ts
FNF:0
FNH:0
DA:1,8
DA:3,8
LF:2
LH:2
BRF:0
BRH:0
end_of_record
TN:
SF:src/Animate/Animatable.ts
FN:35,getProgress
FN:51,animationNeedsUpdate
FN:57,lerpAnimatable
FN:72,copyObject
FN:80,recursivelyCopyObject
FN:93,createLocalAnimation
FN:123,createAnimation
FN:140,(anonymous_7)
FN:141,(anonymous_8)
FN:145,(anonymous_9)
FN:146,(anonymous_10)
FN:150,(anonymous_11)
FN:151,(anonymous_12)
FN:155,(anonymous_13)
FN:156,(anonymous_14)
FN:169,createParentAnimation
FN:180,(anonymous_16)
FN:181,(anonymous_17)
FN:185,(anonymous_18)
FN:186,(anonymous_19)
FN:190,(anonymous_20)
FN:191,(anonymous_21)
FN:195,(anonymous_22)
FN:196,(anonymous_23)
FN:216,modifyTo
FN:251,applyDictTo
FN:266,mergeDicts
FN:284,saveState
FN:309,getLocalState
FN:348,getStateTree
FN:373,updateAnimation
FN:392,updateAnimationInner
FN:473,(anonymous_33)
FN:499,getLocalInterpingTo
FN:519,getInterpingToTree
FNF:35
FNH:26
FNDA:8161278,getProgress
FNDA:7924380,animationNeedsUpdate
FNDA:2879074,lerpAnimatable
FNDA:2105,copyObject
FNDA:3066,recursivelyCopyObject
FNDA:3066,createLocalAnimation
FNDA:3065,createAnimation
FNDA:2074,(anonymous_7)
FNDA:0,(anonymous_8)
FNDA:2056,(anonymous_9)
FNDA:0,(anonymous_10)
FNDA:9,(anonymous_11)
FNDA:0,(anonymous_12)
FNDA:2880131,(anonymous_13)
FNDA:0,(anonymous_14)
FNDA:1,createParentAnimation
FNDA:1,(anonymous_16)
FNDA:0,(anonymous_17)
FNDA:1,(anonymous_18)
FNDA:0,(anonymous_19)
FNDA:0,(anonymous_20)
FNDA:0,(anonymous_21)
FNDA:2,(anonymous_22)
FNDA:0,(anonymous_23)
FNDA:3135,modifyTo
FNDA:52,applyDictTo
FNDA:2138,mergeDicts
FNDA:2089,saveState
FNDA:3126268,getLocalState
FNDA:726182,getStateTree
FNDA:2642169,updateAnimation
FNDA:7922314,updateAnimationInner
FNDA:8,(anonymous_33)
FNDA:24,getLocalInterpingTo
FNDA:13,getInterpingToTree
DA:6,8
DA:7,8
DA:22,8
DA:23,8
DA:33,8
DA:38,8161278
DA:39,8161278
DA:40,2077
DA:42,8159201
DA:54,7924380
DA:63,2879074
DA:64,2879074
DA:65,5758137
DA:66,5758137
DA:69,2879074
DA:73,2105
DA:74,2105
DA:75,4183
DA:77,2105
DA:81,3066
DA:82,3066
DA:83,4084
DA:84,4084
DA:85,4084
DA:87,0
DA:90,3066
DA:97,3066
DA:98,3066
DA:104,3066
DA:105,15330
DA:106,15330
DA:108,3066
DA:123,8
DA:127,3065
DA:128,3065
DA:130,3065
DA:131,3065
DA:132,2034
DA:140,3065
DA:141,2074
DA:142,0
DA:145,3065
DA:146,2056
DA:147,0
DA:150,3065
DA:151,9
DA:152,0
DA:155,3065
DA:156,2880131
DA:157,0
DA:160,3065
DA:169,8
DA:172,1
DA:173,1
DA:177,1
DA:180,1
DA:181,1
DA:182,0
DA:185,1
DA:186,1
DA:187,0
DA:190,1
DA:191,0
DA:192,0
DA:195,1
DA:196,2
DA:197,0
DA:200,1
DA:216,8
DA:220,3135
DA:222,3135
DA:223,2046
DA:224,2046
DA:225,2045
DA:227,3135
DA:228,2075
DA:229,2075
DA:230,9
DA:231,9
DA:232,9
DA:234,2075
DA:235,2075
DA:236,2075
DA:237,2075
DA:251,8
DA:255,52
DA:266,8
DA:272,2138
DA:275,2138
DA:276,4175
DA:278,2138
DA:279,4171
DA:281,2138
DA:284,8
DA:288,2089
DA:289,2089
DA:290,2089
DA:309,8
DA:313,3126268
DA:314,247194
DA:315,247194
DA:316,10244
DA:318,247194
DA:320,2879074
DA:321,2879074
DA:322,6
DA:323,0
DA:325,6
DA:328,2879074
DA:334,2879074
DA:348,8
DA:352,726182
DA:353,726182
DA:354,726182
DA:355,484107
DA:356,484089
DA:358,484107
DA:363,726182
DA:373,8
DA:377,2642169
DA:378,2642169
DA:379,2642169
DA:383,2066
DA:384,2066
DA:385,2066
DA:386,2057
DA:388,2066
DA:390,2642169
DA:396,7922314
DA:397,7922314
DA:398,7922314
DA:399,7922314
DA:400,7922314
DA:401,7922314
DA:403,7922314
DA:404,5280134
DA:405,5280134
DA:406,5280134
DA:407,5280134
DA:410,7922314
DA:411,2069
DA:412,2069
DA:413,2069
DA:414,2069
DA:415,2069
DA:417,7922314
DA:418,26
DA:420,7922314
DA:459,8
DA:466,11
DA:467,11
DA:468,11
DA:469,11
DA:470,11
DA:472,11
DA:473,8
DA:475,11
DA:476,6
DA:499,8
DA:502,24
DA:503,16
DA:505,8
DA:519,8
DA:522,13
DA:523,13
DA:528,8
DA:532,13
LF:167
LH:156
BRDA:39,0,0,2077
BRDA:54,1,0,7924380
BRDA:54,1,1,5282204
BRDA:61,2,0,0
BRDA:67,3,0,5758131
BRDA:67,3,1,6
BRDA:72,4,0,0
BRDA:84,5,0,4084
BRDA:84,5,1,0
BRDA:224,6,0,1
BRDA:227,7,0,1060
BRDA:229,8,0,9
BRDA:269,9,0,2086
BRDA:311,10,0,2400075
BRDA:313,11,0,247194
BRDA:321,12,0,6
BRDA:322,13,0,0
BRDA:322,13,1,6
BRDA:350,14,0,242064
BRDA:355,15,0,484089
BRDA:377,16,0,0
BRDA:379,17,0,2642169
BRDA:379,17,1,0
BRDA:383,18,0,2066
BRDA:383,18,1,0
BRDA:385,19,0,2057
BRDA:388,20,0,2066
BRDA:388,20,1,2064
BRDA:400,21,0,2880107
BRDA:400,22,0,7922314
BRDA:400,22,1,5282195
BRDA:405,23,0,5280134
BRDA:405,23,1,2641094
BRDA:406,24,0,5280134
BRDA:410,25,0,2069
BRDA:410,26,0,7922314
BRDA:410,26,1,3153
BRDA:417,27,0,26
BRDA:417,28,0,7922314
BRDA:417,28,1,5282195
BRDA:417,28,2,2069
BRDA:464,29,0,8
BRDA:501,30,0,11
BRDA:502,31,0,16
BRDA:521,32,0,11
BRF:45
BRH:38
end_of_record
TN:
SF:src/Animate/AnimatableEvents.ts
FN:49,addLocalListener
FN:60,(anonymous_1)
FN:81,removeLocalListener
FN:106,addRecursiveListener
FN:126,(anonymous_4)
FN:127,(anonymous_5)
FN:146,removeRecursiveListener
FNF:7
FNH:5
FNDA:12313,addLocalListener
FNDA:4,(anonymous_1)
FNDA:1,removeLocalListener
FNDA:26,addRecursiveListener
FNDA:0,(anonymous_4)
FNDA:0,(anonymous_5)
FNDA:14,removeRecursiveListener
DA:18,8
DA:19,8
DA:20,8
DA:21,8
DA:22,8
DA:27,8
DA:28,8
DA:49,8
DA:59,12313
DA:60,12313
DA:81,8
DA:91,1
DA:106,8
DA:113,26
DA:114,26
DA:117,26
DA:122,15
DA:126,26
DA:127,0
DA:146,8
DA:153,14
DA:155,14
DA:158,14
DA:159,14
DA:164,7
LF:25
LH:24
BRF:0
BRH:0
end_of_record
TN:
SF:src/Animate/ExtensionStack.ts
FN:16,createExtensionStack
FN:28,addExtensionToStack
FN:41,addLayerToStack
FN:56,mountStack
FN:60,(anonymous_4)
FN:61,(anonymous_5)
FN:62,(anonymous_6)
FNF:7
FNH:6
FNDA:2,createExtensionStack
FNDA:4,addExtensionToStack
FNDA:0,addLayerToStack
FNDA:2,mountStack
FNDA:4,(anonymous_4)
FNDA:2,(anonymous_5)
FNDA:4,(anonymous_6)
DA:6,8
DA:16,8
DA:19,2
DA:28,8
DA:31,4
DA:41,8
DA:45,0
DA:46,0
DA:47,0
DA:56,8
DA:60,4
DA:61,2
DA:62,4
LF:13
LH:10
BRF:0
BRH:0
end_of_record
TN:
SF:src/Animate/Interp.ts
FN:21,(anonymous_0)
FN:23,getProgress
FN:30,getLinearInterp
FN:32,(anonymous_3)
FN:38,getSlerp
FN:40,(anonymous_5)
FN:58,cubicBezier
FN:65,getCubicBezier
FN:71,(anonymous_8)
FNF:9
FNH:4
FNDA:31,(anonymous_0)
FNDA:8159201,getProgress
FNDA:1024,getLinearInterp
FNDA:8161247,(anonymous_3)
FNDA:0,getSlerp
FNDA:0,(anonymous_5)
FNDA:0,cubicBezier
FNDA:0,getCubicBezier
FNDA:0,(anonymous_8)
DA:6,8
DA:21,31
DA:24,8159201
DA:30,8
DA:31,1024
DA:32,8161247
DA:38,8
DA:39,0
DA:40,0
DA:41,0
DA:59,0
DA:65,8
DA:70,0
DA:71,0
DA:72,0
LF:15
LH:8
BRDA:31,0,0,0
BRDA:32,1,0,2046
BRDA:32,1,1,8159201
BRDA:39,2,0,0
BRDA:41,3,0,0
BRDA:41,3,1,0
BRDA:70,4,0,0
BRDA:72,5,0,0
BRDA:72,5,1,0
BRF:9
BRH:2
end_of_record
TN:
SF:src/Animate/Mode.ts
FN:30,createMode
FN:35,(anonymous_1)
FN:48,(anonymous_2)
FN:51,(anonymous_3)
FNF:4
FNH:3
FNDA:1,createMode
FNDA:3,(anonymous_1)
FNDA:1,(anonymous_2)
FNDA:0,(anonymous_3)
DA:7,8
DA:30,8
DA:34,1
DA:35,1
DA:36,3
DA:37,3
DA:38,2
DA:40,2
DA:41,1
DA:43,1
DA:44,1
DA:47,1
DA:49,1
DA:52,0
LF:14
LH:13
BRDA:37,0,0,1
BRDA:38,1,0,1
BRDA:40,2,0,1
BRDA:40,2,1,1
BRF:4
BRH:4
end_of_record
TN:
SF:src/Animate/RecursiveHelpers.ts
FN:6,separateChildren
FNF:1
FNH:1
FNDA:6279,separateChildren
DA:6,8
DA:9,6279
DA:10,6279
DA:11,6279
DA:12,12383
DA:13,12383
DA:14,8286
DA:16,4097
DA:23,6279
LF:9
LH:9
BRDA:13,0,0,8286
BRDA:13,0,1,4097
BRF:2
BRH:2
end_of_record
TN:
SF:src/Animate/index.ts
FNF:0
FNH:0
DA:3,8
DA:4,8
DA:5,8
DA:6,8
DA:7,8
DA:8,8
LF:6
LH:6
BRF:0
BRH:0
end_of_record
TN:
SF:src/Animate/Extensions/bounds.ts
FN:58,setupBoundsLayer
FN:62,(anonymous_1)
FN:100,(anonymous_2)
FN:122,(anonymous_3)
FN:138,(anonymous_4)
FN:139,(anonymous_5)
FN:143,(anonymous_6)
FNF:7
FNH:5
FNDA:9,setupBoundsLayer
FNDA:26,(anonymous_1)
FNDA:37,(anonymous_2)
FNDA:9,(anonymous_3)
FNDA:0,(anonymous_4)
FNDA:0,(anonymous_5)
FNDA:17,(anonymous_6)
DA:2,8
DA:3,8
DA:4,8
DA:13,8
DA:58,8
DA:62,9
DA:63,26
DA:64,26
DA:78,9
DA:79,9
DA:83,9
DA:84,9
DA:87,9
DA:88,9
DA:89,5
DA:90,5
DA:94,5
DA:95,1
DA:96,1
DA:100,9
DA:101,37
DA:102,37
DA:103,45
DA:104,45
DA:105,45
DA:106,45
DA:108,45
DA:113,45
DA:114,9
DA:117,37
DA:119,9
DA:120,9
DA:121,9
DA:123,9
DA:124,9
DA:126,9
DA:127,1
DA:128,1
DA:131,1
DA:134,1
DA:135,1
DA:138,9
DA:139,0
DA:140,0
DA:149,17
DA:150,17
DA:151,17
DA:152,17
DA:153,17
DA:154,9
DA:155,9
DA:156,9
DA:160,9
DA:161,4
DA:164,4
DA:165,4
DA:167,9
DA:168,9
LF:58
LH:56
BRDA:66,0,0,26
BRDA:66,0,1,9
BRDA:69,1,0,26
BRDA:69,1,1,22
BRDA:94,2,0,4
BRDA:94,3,0,5
BRDA:94,3,1,4
BRDA:113,4,0,9
BRDA:160,5,0,4
BRF:9
BRH:9
end_of_record
TN:
SF:src/Animate/Extensions/cache.ts
FN:38,getCacheLayer
FN:43,(anonymous_1)
FN:50,(anonymous_2)
FN:52,(anonymous_3)
FN:54,(anonymous_4)
FN:57,(anonymous_5)
FN:61,(anonymous_6)
FN:68,getCacheExtension
FNF:8
FNH:4
FNDA:1,getCacheLayer
FNDA:9,(anonymous_1)
FNDA:1,(anonymous_2)
FNDA:0,(anonymous_3)
FNDA:0,(anonymous_4)
FNDA:1,(anonymous_5)
FNDA:0,(anonymous_6)
FNDA:0,getCacheExtension
DA:7,8
DA:8,8
DA:9,8
DA:38,8
DA:41,1
DA:42,1
DA:43,1
DA:44,9
DA:45,9
DA:46,9
DA:48,1
DA:51,1
DA:52,1
DA:55,0
DA:58,1
DA:59,1
DA:61,1
DA:62,0
DA:68,8
DA:71,0
LF:20
LH:17
BRDA:44,0,0,0
BRF:1
BRH:0
end_of_record
TN:
SF:src/Animate/Extensions/index.ts
FN:40,mountExtension
FNF:1
FNH:1
FNDA:4,mountExtension
DA:11,8
DA:12,8
DA:13,8
DA:14,8
DA:40,8
DA:44,4
LF:6
LH:6
BRF:0
BRH:0
end_of_record
TN:
SF:src/Animate/Extensions/loop.ts
FN:27,loopExtension
FN:30,(anonymous_1)
FN:51,loopAnimation
FN:57,(anonymous_3)
FN:69,(anonymous_4)
FN:75,(anonymous_5)
FNF:6
FNH:3
FNDA:0,loopExtension
FNDA:0,(anonymous_1)
FNDA:1,loopAnimation
FNDA:1,(anonymous_3)
FNDA:2,(anonymous_4)
FNDA:0,(anonymous_5)
DA:7,8
DA:13,8
DA:17,8
DA:25,8
DA:27,8
DA:30,0
DA:31,0
DA:51,8
DA:55,1
DA:56,1
DA:57,1
DA:58,1
DA:59,1
DA:60,1
DA:61,1
DA:62,1
DA:63,1
DA:64,1
DA:65,1
DA:66,1
DA:67,1
DA:69,1
DA:70,2
DA:71,2
DA:72,2
DA:74,1
DA:75,1
DA:76,0
DA:77,0
LF:29
LH:25
BRDA:58,0,0,0
BRDA:58,1,0,1
BRDA:58,1,1,1
BRDA:70,2,0,2
BRDA:70,2,1,1
BRDA:71,3,0,2
BRDA:71,3,1,1
BRF:7
BRH:6
end_of_record
TN:
SF:src/Animate/Extensions/snap.ts
FN:23,snapGridExtension
FN:26,(anonymous_1)
FN:41,setSnapGrid
FN:61,(anonymous_3)
FN:62,(anonymous_4)
FN:73,setLocalSnapGrid
FN:80,(anonymous_6)
FN:86,(anonymous_7)
FN:110,(anonymous_8)
FN:130,snapPointExtension
FN:137,(anonymous_10)
FN:168,setSnapPoint
FN:176,(anonymous_12)
FN:187,(anonymous_13)
FN:201,distanceLessThan
FN:206,(anonymous_15)
FN:225,distanceSquaredBetween
FNF:17
FNH:17
FNDA:2,snapGridExtension
FNDA:2,(anonymous_1)
FNDA:2,setSnapGrid
FNDA:2,(anonymous_3)
FNDA:2,(anonymous_4)
FNDA:6,setLocalSnapGrid
FNDA:13,(anonymous_6)
FNDA:20,(anonymous_7)
FNDA:2,(anonymous_8)
FNDA:2,snapPointExtension
FNDA:2,(anonymous_10)
FNDA:3,setSnapPoint
FNDA:12,(anonymous_12)
FNDA:2,(anonymous_13)
FNDA:3,distanceLessThan
FNDA:12,(anonymous_15)
FNDA:24,distanceSquaredBetween
DA:2,8
DA:7,8
DA:12,8
DA:21,8
DA:23,8
DA:26,2
DA:27,2
DA:29,2
DA:41,8
DA:45,2
DA:46,2
DA:48,2
DA:49,0
DA:50,0
DA:51,0
DA:56,2
DA:60,2
DA:61,2
DA:62,2
DA:73,8
DA:79,6
DA:80,6
DA:81,13
DA:82,26
DA:83,26
DA:86,6
DA:87,20
DA:88,20
DA:89,20
DA:90,40
DA:91,40
DA:92,40
DA:93,26
DA:94,14
DA:97,20
DA:98,7
DA:99,7
DA:104,6
DA:105,12
DA:107,6
DA:108,6
DA:109,6
DA:110,6
DA:111,2
DA:112,2
DA:130,8
DA:137,2
DA:168,8
DA:176,3
DA:177,12
DA:178,12
DA:182,2
DA:185,3
DA:186,3
DA:187,3
DA:201,8
DA:205,3
DA:206,3
DA:210,12
DA:212,3
DA:225,8
DA:229,24
DA:230,24
DA:231,24
DA:232,45
DA:233,45
DA:234,45
DA:235,45
DA:236,45
DA:238,24
DA:239,6
DA:240,6
DA:241,6
DA:242,6
DA:244,24
LF:75
LH:72
BRDA:50,0,0,0
BRDA:82,1,0,0
BRDA:92,2,0,26
BRDA:97,3,0,13
BRDA:178,4,0,2
BRDA:179,5,0,12
BRDA:179,5,1,6
BRF:7
BRH:5
end_of_record
TN:
SF:src/Utils/index.ts
FNF:0
FNH:0
DA:1,8
DA:2,8
DA:3,8
LF:3
LH:3
BRF:0
BRH:0
end_of_record
TN:
SF:src/Utils/sleep.ts
FN:9,(anonymous_0)
FN:10,(anonymous_1)
FNF:2
FNH:0
FNDA:0,(anonymous_0)
FNDA:0,(anonymous_1)
DA:9,8
DA:10,0
LF:2
LH:1
BRF:0
BRH:0
end_of_record
TN:
SF:src/Utils/string.ts
FN:1,capitalizeFirstLetter
FNF:1
FNH:1
FNDA:15330,capitalizeFirstLetter
DA:1,8
DA:4,15330
LF:2
LH:2
BRF:0
BRH:0
end_of_record
TN:
SF:src/Utils/vec2.ts
FN:15,(anonymous_0)
FN:16,(anonymous_1)
FN:49,(anonymous_2)
FN:67,(anonymous_3)
FN:72,(anonymous_4)
FN:78,(anonymous_5)
FN:84,(anonymous_6)
FN:92,(anonymous_7)
FN:100,(anonymous_8)
FN:107,(anonymous_9)
FN:115,(anonymous_10)
FN:122,(anonymous_11)
FN:129,(anonymous_12)
FN:137,(anonymous_13)
FN:145,(anonymous_14)
FN:153,(anonymous_15)
FN:161,(anonymous_16)
FN:174,(anonymous_17)
FN:187,(anonymous_18)
FN:195,(anonymous_19)
FN:200,(anonymous_20)
FN:210,(anonymous_21)
FN:220,(anonymous_22)
FN:232,(anonymous_23)
FNF:24
FNH:4
FNDA:5758131,(anonymous_0)
FNDA:0,(anonymous_1)
FNDA:8159246,(anonymous_2)
FNDA:4090,(anonymous_3)
FNDA:0,(anonymous_4)
FNDA:0,(anonymous_5)
FNDA:0,(anonymous_6)
FNDA:0,(anonymous_7)
FNDA:0,(anonymous_8)
FNDA:0,(anonymous_9)
FNDA:0,(anonymous_10)
FNDA:0,(anonymous_11)
FNDA:0,(anonymous_12)
FNDA:1,(anonymous_13)
FNDA:0,(anonymous_14)
FNDA:0,(anonymous_15)
FNDA:0,(anonymous_16)
FNDA:0,(anonymous_17)
FNDA:0,(anonymous_18)
FNDA:0,(anonymous_19)
FNDA:0,(anonymous_20)
FNDA:0,(anonymous_21)
FNDA:0,(anonymous_22)
FNDA:0,(anonymous_23)
DA:15,5758131
DA:16,8
DA:24,0
DA:25,0
DA:26,0
DA:27,0
DA:28,0
DA:29,0
DA:40,8
DA:49,8
DA:54,8159246
DA:55,8159246
DA:56,8159210
DA:58,8159246
DA:59,8159226
DA:61,8159246
DA:67,4090
DA:72,8
DA:78,8
DA:84,8
DA:92,8
DA:100,8
DA:107,8
DA:115,8
DA:122,8
DA:129,8
DA:137,8
DA:145,8
DA:153,8
DA:161,8
DA:162,0
DA:163,0
DA:164,0
DA:174,8
DA:175,0
DA:176,0
DA:177,0
DA:178,0
DA:179,0
DA:187,8
DA:195,8
DA:200,8
DA:201,0
DA:210,8
DA:211,0
DA:220,8
DA:221,0
DA:232,8
DA:240,0
LF:49
LH:31
BRDA:55,0,0,8159210
BRDA:58,1,0,8159226
BRF:2
BRH:2
end_of_record
